#
# A fatal error has been detected by the Java Runtime Environment:
#
#  SIGSEGV (0xb) at pc=0x0000000108ba91d5, pid=1873, tid=0x0000000000002403
#
# JRE version: Java(TM) SE Runtime Environment (8.0_111-b14) (build 1.8.0_111-b14)
# Java VM: Java HotSpot(TM) 64-Bit Server VM (25.111-b14 mixed mode bsd-amd64 compressed oops)
# Problematic frame:
# V  [libjvm.dylib+0x1a91d5]
#
# Failed to write core dump. Core dumps have been disabled. To enable core dumping, try "ulimit -c unlimited" before starting Java again
#
# If you would like to submit a bug report, please visit:
#   http://bugreport.java.com/bugreport/crash.jsp
#

---------------  T H R E A D  ---------------

Current thread (0x00007fc392007800):  GCTaskThread [stack: 0x0000700000e74000,0x0000700000f74000] [id=9219]

siginfo: si_signo: 11 (SIGSEGV), si_code: 1 (SEGV_MAPERR), si_addr: 0x0000000000000008

Registers:
RAX=0x000000010923caa0, RBX=0x0000000000000000, RCX=0x0000000000000003, RDX=0x0000000000000001
RSP=0x0000700000f73cd0, RBP=0x0000700000f73cd0, RSI=0x0000000773584000, RDI=0x0000000000000000
R8 =0x00000001092f0001, R9 =0x00000006c69d5010, R10=0x00000006c69d7010, R11=0xffffffff548a3da8
R12=0x0000700000f73d84, R13=0x0000700000f73d78, R14=0x00007fc39281e600, R15=0x00007fc39281e600
RIP=0x0000000108ba91d5, EFLAGS=0x0000000000010246, ERR=0x0000000000000004
  TRAPNO=0x000000000000000e

Top of Stack: (sp=0x0000700000f73cd0)
0x0000700000f73cd0:   0000700000f73d40 0000000108ec6971
0x0000700000f73ce0:   0000700000f73d20 0000000773584000
0x0000700000f73cf0:   00007fc39281e600 0000000000000000
0x0000700000f73d00:   0000000000000000 00007fc391606040
0x0000700000f73d10:   0000700000f73d78 00000006c3bca051
0x0000700000f73d20:   0000700000f73d84 0000700000f73d78
0x0000700000f73d30:   00000006c3bca050 00007fc39281e600
0x0000700000f73d40:   0000700000f73d60 0000000108ec6e87
0x0000700000f73d50:   0000000000000000 00007fc392a41050
0x0000700000f73d60:   0000700000f73db0 0000000108ec9b1a
0x0000700000f73d70:   0000000000000000 00000006c3bca051
0x0000700000f73d80:   48bc647500f73db0 00007fc392007800
0x0000700000f73d90:   0000000000000000 000000010901366a
0x0000700000f73da0:   00007fc392a41050 0000000000000001
0x0000700000f73db0:   0000700000f73e90 0000000108c75b8b
0x0000700000f73dc0:   0000700000f73df0 00007fc391510560
0x0000700000f73dd0:   00007fc391510590 00007fc3915105a0
0x0000700000f73de0:   00007fc391510978 00000000000003d8
0x0000700000f73df0:   00007fc392007800 00007fc391510980
0x0000700000f73e00:   00007fc3915109c0 00007fc3915109d0
0x0000700000f73e10:   00007fc391510aa8 00000000000000d8
0x0000700000f73e20:   0000700000f73e30 0000000000000000
0x0000700000f73e30:   00007fc392007800 00007fc391510980
0x0000700000f73e40:   00007fc3915109c0 00007fc3915109d0
0x0000700000f73e50:   00007fc391510aa8 00000000000000d8
0x0000700000f73e60:   00007fc391510bc0 00007fc392007800
0x0000700000f73e70:   00000000000237b8 0000000000002403
0x0000700000f73e80:   00007fc391511480 00007fc3915114f0
0x0000700000f73e90:   0000700000f73ef0 0000000108e89b0a
0x0000700000f73ea0:   0000000000000000 00007fc3915114f0
0x0000700000f73eb0:   0000000600000000 00000000000237b8
0x0000700000f73ec0:   0000700000f740e0 0000700000f74180 

Instructions: (pc=0x0000000108ba91d5)
0x0000000108ba91b5:   84 d2 48 89 fe 74 15 48 8d 05 dd 38 69 00 8a 48
0x0000000108ba91c5:   08 8b 7e 08 48 d3 e7 48 03 38 eb 04 48 8b 7e 08
0x0000000108ba91d5:   8b 47 08 85 c0 7e 09 a8 01 75 4e c1 f8 03 eb 47
0x0000000108ba91e5:   85 c0 7f 43 85 c0 79 41 84 d2 0f 94 c1 0f b6 c9 

Register to memory mapping:

RAX=0x000000010923caa0: _ZN8Universe13_narrow_klassE+0 in /Library/Java/JavaVirtualMachines/jdk1.8.0_111.jdk/Contents/Home/jre/lib/server/libjvm.dylib at 0x0000000108a00000
RBX=0x0000000000000000 is an unknown value
RCX=0x0000000000000003 is an unknown value
RDX=0x0000000000000001 is an unknown value
RSP=0x0000700000f73cd0 is an unknown value
RBP=0x0000700000f73cd0 is an unknown value
RSI=0x0000000773584000 is an unknown value
RDI=0x0000000000000000 is an unknown value
R8 =0x00000001092f0001: _ZN17PSParallelCompact10_gc_tracerE+0x31 in /Library/Java/JavaVirtualMachines/jdk1.8.0_111.jdk/Contents/Home/jre/lib/server/libjvm.dylib at 0x0000000108a00000
R9 =0x00000006c69d5010 is an oop
Wall.Wall 
 - klass: 'Wall/Wall'
R10=
[error occurred during error reporting (printing register info), id 0xb]

Stack: [0x0000700000e74000,0x0000700000f74000],  sp=0x0000700000f73cd0,  free space=1023k
Native frames: (J=compiled Java code, j=interpreted, Vv=VM code, C=native code)
V  [libjvm.dylib+0x1a91d5]
V  [libjvm.dylib+0x4c6971]
V  [libjvm.dylib+0x4c6e87]
V  [libjvm.dylib+0x4c9b1a]
V  [libjvm.dylib+0x275b8b]
V  [libjvm.dylib+0x489b0a]
C  [libsystem_pthread.dylib+0x3abb]  _pthread_body+0xb4
C  [libsystem_pthread.dylib+0x3a07]  _pthread_body+0x0
C  [libsystem_pthread.dylib+0x3231]  thread_start+0xd


---------------  P R O C E S S  ---------------

Java Threads: ( => current thread )
  0x00007fc3918e8000 JavaThread "Java2D Disposer" daemon [_thread_blocked, id=64779, stack(0x00007000021b3000,0x00007000022b3000)]
  0x00007fc3930b1000 JavaThread "Java2D Queue Flusher" daemon [_thread_blocked, id=56583, stack(0x00007000020b0000,0x00007000021b0000)]
  0x00007fc3930a1000 JavaThread "TimerQueue" daemon [_thread_blocked, id=48943, stack(0x0000700001fad000,0x00007000020ad000)]
  0x00007fc392098800 JavaThread "AWT-Shutdown" [_thread_blocked, id=29983, stack(0x0000700001da4000,0x0000700001ea4000)]
  0x00007fc39307a800 JavaThread "AppKit Thread" daemon [_thread_in_native, id=2059, stack(0x00007fff573b1000,0x00007fff57bb1000)]
  0x00007fc391851800 JavaThread "Service Thread" daemon [_thread_blocked, id=18691, stack(0x0000700001a98000,0x0000700001b98000)]
  0x00007fc39201c800 JavaThread "C1 CompilerThread2" daemon [_thread_blocked, id=18179, stack(0x0000700001995000,0x0000700001a95000)]
  0x00007fc392041000 JavaThread "C2 CompilerThread1" daemon [_thread_blocked, id=17667, stack(0x0000700001892000,0x0000700001992000)]
  0x00007fc3928d3800 JavaThread "C2 CompilerThread0" daemon [_thread_blocked, id=17155, stack(0x000070000178f000,0x000070000188f000)]
  0x00007fc392040800 JavaThread "Monitor Ctrl-Break" daemon [_thread_in_native, id=16643, stack(0x000070000168c000,0x000070000178c000)]
  0x00007fc391853000 JavaThread "Signal Dispatcher" daemon [_thread_blocked, id=16131, stack(0x0000700001589000,0x0000700001689000)]
  0x00007fc391809000 JavaThread "Finalizer" daemon [_thread_blocked, id=12291, stack(0x0000700001486000,0x0000700001586000)]
  0x00007fc392824000 JavaThread "Reference Handler" daemon [_thread_blocked, id=11779, stack(0x0000700001383000,0x0000700001483000)]
  0x00007fc39180b800 JavaThread "main" [_thread_blocked, id=6915, stack(0x0000700000d71000,0x0000700000e71000)]

Other Threads:
  0x00007fc39281f000 VMThread [stack: 0x0000700001280000,0x0000700001380000] [id=11267]
  0x00007fc39290e800 WatcherThread [stack: 0x0000700001b9b000,0x0000700001c9b000] [id=19203]

=>0x00007fc392007800 (exited) GCTaskThread [stack: 0x0000700000e74000,0x0000700000f74000] [id=9219]

VM state:at safepoint (normal execution)

VM Mutex/Monitor currently owned by a thread:  ([mutex/lock_event])
[0x00007fc391404010] Threads_lock - owner thread: 0x00007fc39281f000
[0x00007fc391404510] Heap_lock - owner thread: 0x00007fc39180b800

Heap:
 PSYoungGen      total 141824K, used 141815K [0x000000076ab00000, 0x0000000774000000, 0x00000007c0000000)
  eden space 131072K, 100% used [0x000000076ab00000,0x0000000772b00000,0x0000000772b00000)
  from space 10752K, 99% used [0x0000000773580000,0x0000000773ffdc40,0x0000000774000000)
  to   space 10752K, 99% used [0x0000000772b00000,0x000000077357eef0,0x0000000773580000)
 ParOldGen       total 175104K, used 111684K [0x00000006c0000000, 0x00000006cab00000, 0x000000076ab00000)
  object space 175104K, 63% used [0x00000006c0000000,0x00000006c6d13010,0x00000006cab00000)
 Metaspace       used 9152K, capacity 9326K, committed 9344K, reserved 1056768K
  class space    used 1079K, capacity 1149K, committed 1152K, reserved 1048576K

Card table byte_map: [0x0000000109d61000,0x000000010a562000] byte_map_base: 0x0000000106761000

Marking Bits: (ParMarkBitMap*) 0x00000001092efd20
 Begin Bits: [0x0000000120cca000, 0x0000000124cca000)
 End Bits:   [0x0000000124cca000, 0x0000000128cca000)

Polling page: 0x000000010810f000

CodeCache: size=245760Kb used=2183Kb max_used=2197Kb free=243576Kb
 bounds [0x0000000111cca000, 0x0000000111f3a000, 0x0000000120cca000]
 total_blobs=910 nmethods=459 adapters=365
 compilation: enabled

Compilation events (10 events):
Event: 1.246 Thread 0x00007fc392041000 nmethod 454 0x0000000111ee1450 code [0x0000000111ee15c0, 0x0000000111ee1748]
Event: 1.246 Thread 0x00007fc392041000  456       4       Wall.Wall::<init> (64 bytes)
Event: 1.246 Thread 0x00007fc3928d3800 nmethod 455 0x0000000111ee51d0 code [0x0000000111ee5320, 0x0000000111ee5498]
Event: 1.251 Thread 0x00007fc392041000 nmethod 456 0x0000000111ee3750 code [0x0000000111ee38a0, 0x0000000111ee3ad8]
Event: 1.293 Thread 0x00007fc39201c800  457 % !   3       Tank.tankgame::mapPrinter @ 33 (190 bytes)
Event: 1.297 Thread 0x00007fc39201c800 nmethod 457% 0x0000000111ee8350 code [0x0000000111ee8740, 0x0000000111eeaa58]
Event: 1.297 Thread 0x00007fc39201c800  458   !   3       Tank.tankgame::mapPrinter (190 bytes)
Event: 1.301 Thread 0x00007fc39201c800 nmethod 458 0x0000000111eec2d0 code [0x0000000111eec6a0, 0x0000000111eee8b8]
Event: 1.311 Thread 0x00007fc3928d3800  459 % !   4       Tank.tankgame::mapPrinter @ 33 (190 bytes)
Event: 1.404 Thread 0x00007fc3928d3800 nmethod 459% 0x0000000111ef0050 code [0x0000000111ef0260, 0x0000000111ef0e18]

GC Heap History (5 events):
Event: 1.338 GC heap before
{Heap before GC invocations=1 (full 0):
 PSYoungGen      total 76288K, used 65536K [0x000000076ab00000, 0x0000000770000000, 0x00000007c0000000)
  eden space 65536K, 100% used [0x000000076ab00000,0x000000076eb00000,0x000000076eb00000)
  from space 10752K, 0% used [0x000000076f580000,0x000000076f580000,0x0000000770000000)
  to   space 10752K, 0% used [0x000000076eb00000,0x000000076eb00000,0x000000076f580000)
 ParOldGen       total 175104K, used 0K [0x00000006c0000000, 0x00000006cab00000, 0x000000076ab00000)
  object space 175104K, 0% used [0x00000006c0000000,0x00000006c0000000,0x00000006cab00000)
 Metaspace       used 9152K, capacity 9326K, committed 9344K, reserved 1056768K
  class space    used 1079K, capacity 1149K, committed 1152K, reserved 1048576K
Event: 1.402 GC heap after
Heap after GC invocations=1 (full 0):
 PSYoungGen      total 76288K, used 10744K [0x000000076ab00000, 0x0000000774000000, 0x00000007c0000000)
  eden space 65536K, 0% used [0x000000076ab00000,0x000000076ab00000,0x000000076eb00000)
  from space 10752K, 99% used [0x000000076eb00000,0x000000076f57e250,0x000000076f580000)
  to   space 10752K, 0% used [0x0000000773580000,0x0000000773580000,0x0000000774000000)
 ParOldGen       total 175104K, used 35416K [0x00000006c0000000, 0x00000006cab00000, 0x000000076ab00000)
  object space 175104K, 20% used [0x00000006c0000000,0x00000006c2296000,0x00000006cab00000)
 Metaspace       used 9152K, capacity 9326K, committed 9344K, reserved 1056768K
  class space    used 1079K, capacity 1149K, committed 1152K, reserved 1048576K
}
Event: 1.421 GC heap before
{Heap before GC invocations=2 (full 0):
 PSYoungGen      total 76288K, used 76280K [0x000000076ab00000, 0x0000000774000000, 0x00000007c0000000)
  eden space 65536K, 100% used [0x000000076ab00000,0x000000076eb00000,0x000000076eb00000)
  from space 10752K, 99% used [0x000000076eb00000,0x000000076f57e250,0x000000076f580000)
  to   space 10752K, 0% used [0x0000000773580000,0x0000000773580000,0x0000000774000000)
 ParOldGen       total 175104K, used 35416K [0x00000006c0000000, 0x00000006cab00000, 0x000000076ab00000)
  object space 175104K, 20% used [0x00000006c0000000,0x00000006c2296000,0x00000006cab00000)
 Metaspace       used 9152K, capacity 9326K, committed 9344K, reserved 1056768K
  class space    used 1079K, capacity 1149K, committed 1152K, reserved 1048576K
Event: 1.519 GC heap after
Heap after GC invocations=2 (full 0):
 PSYoungGen      total 141824K, used 10743K [0x000000076ab00000, 0x0000000774000000, 0x00000007c0000000)
  eden space 131072K, 0% used [0x000000076ab00000,0x000000076ab00000,0x0000000772b00000)
  from space 10752K, 99% used [0x0000000773580000,0x0000000773ffdc40,0x0000000774000000)
  to   space 10752K, 0% used [0x0000000772b00000,0x0000000772b00000,0x0000000773580000)
 ParOldGen       total 175104K, used 97704K [0x00000006c0000000, 0x00000006cab00000, 0x000000076ab00000)
  object space 175104K, 55% used [0x00000006c0000000,0x00000006c5f6a000,0x00000006cab00000)
 Metaspace       used 9152K, capacity 9326K, committed 9344K, reserved 1056768K
  class space    used 1079K, capacity 1149K, committed 1152K, reserved 1048576K
}
Event: 1.578 GC heap before
{Heap before GC invocations=3 (full 0):
 PSYoungGen      total 141824K, used 141815K [0x000000076ab00000, 0x0000000774000000, 0x00000007c0000000)
  eden space 131072K, 100% used [0x000000076ab00000,0x0000000772b00000,0x0000000772b00000)
  from space 10752K, 99% used [0x0000000773580000,0x0000000773ffdc40,0x0000000774000000)
  to   space 10752K, 0% used [0x0000000772b00000,0x0000000772b00000,0x0000000773580000)
 ParOldGen       total 175104K, used 97704K [0x00000006c0000000, 0x00000006cab00000, 0x000000076ab00000)
  object space 175104K, 55% used [0x00000006c0000000,0x00000006c5f6a000,0x00000006cab00000)
 Metaspace       used 9152K, capacity 9326K, committed 9344K, reserved 1056768K
  class space    used 1079K, capacity 1149K, committed 1152K, reserved 1048576K

Deoptimization events (1 events):
Event: 1.165 Thread 0x00007fc39180b800 Uncommon trap: reason=unstable_if action=reinterpret pc=0x0000000111eaca40 method=sun.awt.image.ByteInterleavedRaster.putByteData(IIII[B)V @ 395

Internal exceptions (10 events):
Event: 0.275 Thread 0x00007fc39180b800 Exception <a 'java/security/PrivilegedActionException'> (0x000000076ae16628) thrown at [/Users/java_re/workspace/8-2-build-macosx-x86_64/jdk8u111/7883/hotspot/src/share/vm/prims/jvm.cpp, line 1386]
Event: 0.275 Thread 0x00007fc39180b800 Exception <a 'java/security/PrivilegedActionException'> (0x000000076ae16838) thrown at [/Users/java_re/workspace/8-2-build-macosx-x86_64/jdk8u111/7883/hotspot/src/share/vm/prims/jvm.cpp, line 1386]
Event: 0.275 Thread 0x00007fc39180b800 Exception <a 'java/security/PrivilegedActionException'> (0x000000076ae19b40) thrown at [/Users/java_re/workspace/8-2-build-macosx-x86_64/jdk8u111/7883/hotspot/src/share/vm/prims/jvm.cpp, line 1386]
Event: 0.275 Thread 0x00007fc39180b800 Exception <a 'java/security/PrivilegedActionException'> (0x000000076ae19d50) thrown at [/Users/java_re/workspace/8-2-build-macosx-x86_64/jdk8u111/7883/hotspot/src/share/vm/prims/jvm.cpp, line 1386]
Event: 0.346 Thread 0x00007fc39180b800 Exception <a 'java/lang/NoSuchFieldError': method resolution failed> (0x000000076b093380) thrown at [/Users/java_re/workspace/8-2-build-macosx-x86_64/jdk8u111/7883/hotspot/src/share/vm/prims/methodHandles.cpp, line 1146]
Event: 0.361 Thread 0x00007fc39180b800 Exception <a 'java/lang/NoSuchFieldError': method resolution failed> (0x000000076b0a15c8) thrown at [/Users/java_re/workspace/8-2-build-macosx-x86_64/jdk8u111/7883/hotspot/src/share/vm/prims/methodHandles.cpp, line 1146]
Event: 0.623 Thread 0x00007fc39180b800 Exception <a 'java/io/FileNotFoundException'> (0x000000076b141bb0) thrown at [/Users/java_re/workspace/8-2-build-macosx-x86_64/jdk8u111/7883/hotspot/src/share/vm/prims/jni.cpp, line 709]
Event: 0.623 Thread 0x00007fc39180b800 Exception <a 'java/io/FileNotFoundException'> (0x000000076b142758) thrown at [/Users/java_re/workspace/8-2-build-macosx-x86_64/jdk8u111/7883/hotspot/src/share/vm/prims/jni.cpp, line 709]
Event: 0.807 Thread 0x00007fc39180b800 Exception <a 'java/io/FileNotFoundException'> (0x000000076b3e7340) thrown at [/Users/java_re/workspace/8-2-build-macosx-x86_64/jdk8u111/7883/hotspot/src/share/vm/prims/jni.cpp, line 709]
Event: 0.947 Thread 0x00007fc39180b800 Exception <a 'java/lang/NullPointerException'> (0x000000076b5ddf40) thrown at [/Users/java_re/workspace/8-2-build-macosx-x86_64/jdk8u111/7883/hotspot/src/share/vm/interpreter/linkResolver.cpp, line 1178]

Events (10 events):
Event: 1.238 loading class java/awt/event/KeyAdapter done
Event: 1.238 loading class Wall/Wall
Event: 1.238 loading class Wall/Wall done
Event: 1.337 Executing VM operation: ParallelGCFailedAllocation
Event: 1.402 Executing VM operation: ParallelGCFailedAllocation done
Event: 1.405 Thread 0x00007fc39180b800 DEOPT PACKING pc=0x0000000111eea678 sp=0x0000700000e70700
Event: 1.405 Thread 0x00007fc39180b800 DEOPT UNPACKING pc=0x0000000111d11633 sp=0x0000700000e70568 mode 0
Event: 1.421 Executing VM operation: ParallelGCFailedAllocation
Event: 1.519 Executing VM operation: ParallelGCFailedAllocation done
Event: 1.578 Executing VM operation: ParallelGCFailedAllocation


Dynamic libraries:
0x000000002da6c000 	/System/Library/Frameworks/Cocoa.framework/Versions/A/Cocoa
0x000000002da6c000 	/System/Library/Frameworks/Security.framework/Versions/A/Security
0x000000002da6c000 	/System/Library/Frameworks/ApplicationServices.framework/Versions/A/ApplicationServices
0x000000002da6c000 	/usr/lib/libz.1.dylib
0x000000002da6c000 	/usr/lib/libSystem.B.dylib
0x000000002da6c000 	/usr/lib/libobjc.A.dylib
0x000000002da6c000 	/System/Library/Frameworks/CoreFoundation.framework/Versions/A/CoreFoundation
0x000000002da6c000 	/System/Library/Frameworks/Foundation.framework/Versions/C/Foundation
0x000000002da6c000 	/System/Library/Frameworks/AppKit.framework/Versions/C/AppKit
0x000000002da6c000 	/System/Library/Frameworks/CoreData.framework/Versions/A/CoreData
0x000000002da6c000 	/System/Library/PrivateFrameworks/RemoteViewServices.framework/Versions/A/RemoteViewServices
0x000000002da6c000 	/System/Library/PrivateFrameworks/UIFoundation.framework/Versions/A/UIFoundation
0x000000002da6c000 	/usr/lib/libenergytrace.dylib
0x000000002da6c000 	/System/Library/PrivateFrameworks/SkyLight.framework/Versions/A/SkyLight
0x000000002da6c000 	/System/Library/Frameworks/CoreGraphics.framework/Versions/A/CoreGraphics
0x000000002da6c000 	/usr/lib/libScreenReader.dylib
0x000000002da6c000 	/System/Library/Frameworks/Accelerate.framework/Versions/A/Accelerate
0x000000002da6c000 	/System/Library/Frameworks/IOSurface.framework/Versions/A/IOSurface
0x000000002da6c000 	/System/Library/Frameworks/AudioToolbox.framework/Versions/A/AudioToolbox
0x000000002da6c000 	/System/Library/Frameworks/AudioUnit.framework/Versions/A/AudioUnit
0x000000002da6c000 	/System/Library/PrivateFrameworks/DataDetectorsCore.framework/Versions/A/DataDetectorsCore
0x000000002da6c000 	/System/Library/PrivateFrameworks/DesktopServicesPriv.framework/Versions/A/DesktopServicesPriv
0x000000002da6c000 	/System/Library/Frameworks/Carbon.framework/Versions/A/Frameworks/HIToolbox.framework/Versions/A/HIToolbox
0x000000002da6c000 	/usr/lib/libicucore.A.dylib
0x000000002da6c000 	/System/Library/Frameworks/QuartzCore.framework/Versions/A/QuartzCore
0x000000002da6c000 	/System/Library/Frameworks/Carbon.framework/Versions/A/Frameworks/SpeechRecognition.framework/Versions/A/SpeechRecognition
0x000000002da6c000 	/usr/lib/libauto.dylib
0x000000002da6c000 	/usr/lib/libxml2.2.dylib
0x000000002da6c000 	/System/Library/PrivateFrameworks/CoreUI.framework/Versions/A/CoreUI
0x000000002da6c000 	/System/Library/Frameworks/CoreAudio.framework/Versions/A/CoreAudio
0x000000002da6c000 	/System/Library/Frameworks/DiskArbitration.framework/Versions/A/DiskArbitration
0x000000002da6c000 	/usr/lib/liblangid.dylib
0x000000002da6c000 	/System/Library/PrivateFrameworks/MultitouchSupport.framework/Versions/A/MultitouchSupport
0x000000002da6c000 	/System/Library/Frameworks/IOKit.framework/Versions/A/IOKit
0x000000002da6c000 	/usr/lib/libDiagnosticMessagesClient.dylib
0x000000002da6c000 	/System/Library/Frameworks/CoreServices.framework/Versions/A/CoreServices
0x000000002da6c000 	/System/Library/PrivateFrameworks/PerformanceAnalysis.framework/Versions/A/PerformanceAnalysis
0x000000002da6c000 	/System/Library/PrivateFrameworks/GenerationalStorage.framework/Versions/A/GenerationalStorage
0x000000002da6c000 	/System/Library/Frameworks/OpenGL.framework/Versions/A/OpenGL
0x000000002da6c000 	/System/Library/Frameworks/CoreImage.framework/Versions/A/CoreImage
0x000000002da6c000 	/System/Library/Frameworks/CoreText.framework/Versions/A/CoreText
0x000000002da6c000 	/System/Library/Frameworks/ImageIO.framework/Versions/A/ImageIO
0x000000002da6c000 	/System/Library/PrivateFrameworks/Backup.framework/Versions/A/Backup
0x000000002da6c000 	/usr/lib/libarchive.2.dylib
0x000000002da6c000 	/System/Library/Frameworks/CFNetwork.framework/Versions/A/CFNetwork
0x000000002da6c000 	/System/Library/Frameworks/SystemConfiguration.framework/Versions/A/SystemConfiguration
0x000000002da6c000 	/usr/lib/libCRFSuite.dylib
0x000000002da6c000 	/usr/lib/libc++.1.dylib
0x000000002da6c000 	/usr/lib/libc++abi.dylib
0x000000002da6c000 	/usr/lib/system/libcache.dylib
0x000000002da6c000 	/usr/lib/system/libcommonCrypto.dylib
0x000000002da6c000 	/usr/lib/system/libcompiler_rt.dylib
0x000000002da6c000 	/usr/lib/system/libcopyfile.dylib
0x000000002da6c000 	/usr/lib/system/libcorecrypto.dylib
0x000000002da6c000 	/usr/lib/system/libdispatch.dylib
0x000000002da6c000 	/usr/lib/system/libdyld.dylib
0x000000002da6c000 	/usr/lib/system/libkeymgr.dylib
0x000000002da6c000 	/usr/lib/system/liblaunch.dylib
0x000000002da6c000 	/usr/lib/system/libmacho.dylib
0x000000002da6c000 	/usr/lib/system/libquarantine.dylib
0x000000002da6c000 	/usr/lib/system/libremovefile.dylib
0x000000002da6c000 	/usr/lib/system/libsystem_asl.dylib
0x000000002da6c000 	/usr/lib/system/libsystem_blocks.dylib
0x000000002da6c000 	/usr/lib/system/libsystem_c.dylib
0x000000002da6c000 	/usr/lib/system/libsystem_configuration.dylib
0x000000002da6c000 	/usr/lib/system/libsystem_coreservices.dylib
0x000000002da6c000 	/usr/lib/system/libsystem_coretls.dylib
0x000000002da6c000 	/usr/lib/system/libsystem_dnssd.dylib
0x000000002da6c000 	/usr/lib/system/libsystem_info.dylib
0x000000002da6c000 	/usr/lib/system/libsystem_kernel.dylib
0x000000002da6c000 	/usr/lib/system/libsystem_m.dylib
0x000000002da6c000 	/usr/lib/system/libsystem_malloc.dylib
0x000000002da6c000 	/usr/lib/system/libsystem_network.dylib
0x000000002da6c000 	/usr/lib/system/libsystem_networkextension.dylib
0x000000002da6c000 	/usr/lib/system/libsystem_notify.dylib
0x000000002da6c000 	/usr/lib/system/libsystem_platform.dylib
0x000000002da6c000 	/usr/lib/system/libsystem_pthread.dylib
0x000000002da6c000 	/usr/lib/system/libsystem_sandbox.dylib
0x000000002da6c000 	/usr/lib/system/libsystem_secinit.dylib
0x000000002da6c000 	/usr/lib/system/libsystem_symptoms.dylib
0x000000002da6c000 	/usr/lib/system/libsystem_trace.dylib
0x000000002da6c000 	/usr/lib/system/libunwind.dylib
0x000000002da6c000 	/usr/lib/system/libxpc.dylib
0x000000002da6c000 	/usr/lib/libbsm.0.dylib
0x000000002da6c000 	/usr/lib/system/libkxld.dylib
0x000000002da6c000 	/usr/lib/libcoretls.dylib
0x000000002da6c000 	/usr/lib/libcoretls_cfhelpers.dylib
0x000000002da6c000 	/usr/lib/libxar.1.dylib
0x000000002da6c000 	/usr/lib/libsqlite3.dylib
0x000000002da6c000 	/usr/lib/libpam.2.dylib
0x000000002da6c000 	/usr/lib/libOpenScriptingUtil.dylib
0x000000002da6c000 	/usr/lib/libbz2.1.0.dylib
0x000000002da6c000 	/usr/lib/liblzma.5.dylib
0x000000002da6c000 	/usr/lib/libnetwork.dylib
0x000000002da6c000 	/usr/lib/libpcap.A.dylib
0x000000002da6c000 	/System/Library/Frameworks/CoreServices.framework/Versions/A/Frameworks/FSEvents.framework/Versions/A/FSEvents
0x000000002da6c000 	/System/Library/Frameworks/CoreServices.framework/Versions/A/Frameworks/CarbonCore.framework/Versions/A/CarbonCore
0x000000002da6c000 	/System/Library/Frameworks/CoreServices.framework/Versions/A/Frameworks/Metadata.framework/Versions/A/Metadata
0x000000002da6c000 	/System/Library/Frameworks/CoreServices.framework/Versions/A/Frameworks/OSServices.framework/Versions/A/OSServices
0x000000002da6c000 	/System/Library/Frameworks/CoreServices.framework/Versions/A/Frameworks/SearchKit.framework/Versions/A/SearchKit
0x000000002da6c000 	/System/Library/Frameworks/CoreServices.framework/Versions/A/Frameworks/AE.framework/Versions/A/AE
0x000000002da6c000 	/System/Library/Frameworks/CoreServices.framework/Versions/A/Frameworks/LaunchServices.framework/Versions/A/LaunchServices
0x000000002da6c000 	/System/Library/Frameworks/CoreServices.framework/Versions/A/Frameworks/DictionaryServices.framework/Versions/A/DictionaryServices
0x000000002da6c000 	/System/Library/Frameworks/CoreServices.framework/Versions/A/Frameworks/SharedFileList.framework/Versions/A/SharedFileList
0x000000002da6c000 	/System/Library/Frameworks/NetFS.framework/Versions/A/NetFS
0x000000002da6c000 	/System/Library/PrivateFrameworks/NetAuth.framework/Versions/A/NetAuth
0x000000002da6c000 	/System/Library/PrivateFrameworks/login.framework/Versions/A/Frameworks/loginsupport.framework/Versions/A/loginsupport
0x000000002da6c000 	/System/Library/PrivateFrameworks/TCC.framework/Versions/A/TCC
0x000000002da6c000 	/usr/lib/libmecabra.dylib
0x000000002da6c000 	/System/Library/Frameworks/ApplicationServices.framework/Versions/A/Frameworks/ATS.framework/Versions/A/ATS
0x000000002da6c000 	/System/Library/Frameworks/ApplicationServices.framework/Versions/A/Frameworks/ColorSync.framework/Versions/A/ColorSync
0x000000002da6c000 	/System/Library/Frameworks/ApplicationServices.framework/Versions/A/Frameworks/HIServices.framework/Versions/A/HIServices
0x000000002da6c000 	/System/Library/Frameworks/ApplicationServices.framework/Versions/A/Frameworks/LangAnalysis.framework/Versions/A/LangAnalysis
0x000000002da6c000 	/System/Library/Frameworks/ApplicationServices.framework/Versions/A/Frameworks/PrintCore.framework/Versions/A/PrintCore
0x000000002da6c000 	/System/Library/Frameworks/ApplicationServices.framework/Versions/A/Frameworks/QD.framework/Versions/A/QD
0x000000002da6c000 	/System/Library/Frameworks/ApplicationServices.framework/Versions/A/Frameworks/SpeechSynthesis.framework/Versions/A/SpeechSynthesis
0x000000002da6c000 	/System/Library/Frameworks/Accelerate.framework/Versions/A/Frameworks/vImage.framework/Versions/A/vImage
0x000000002da6c000 	/System/Library/Frameworks/Accelerate.framework/Versions/A/Frameworks/vecLib.framework/Versions/A/vecLib
0x000000002da6c000 	/System/Library/Frameworks/Accelerate.framework/Versions/A/Frameworks/vecLib.framework/Versions/A/libvDSP.dylib
0x000000002da6c000 	/System/Library/Frameworks/Accelerate.framework/Versions/A/Frameworks/vecLib.framework/Versions/A/libBNNS.dylib
0x000000002da6c000 	/System/Library/Frameworks/Accelerate.framework/Versions/A/Frameworks/vecLib.framework/Versions/A/libQuadrature.dylib
0x000000002da6c000 	/System/Library/Frameworks/Accelerate.framework/Versions/A/Frameworks/vecLib.framework/Versions/A/libvMisc.dylib
0x000000002da6c000 	/System/Library/Frameworks/Accelerate.framework/Versions/A/Frameworks/vecLib.framework/Versions/A/libLAPACK.dylib
0x000000002da6c000 	/System/Library/Frameworks/Accelerate.framework/Versions/A/Frameworks/vecLib.framework/Versions/A/libBLAS.dylib
0x000000002da6c000 	/System/Library/Frameworks/Accelerate.framework/Versions/A/Frameworks/vecLib.framework/Versions/A/libLinearAlgebra.dylib
0x000000002da6c000 	/System/Library/Frameworks/Accelerate.framework/Versions/A/Frameworks/vecLib.framework/Versions/A/libSparseBLAS.dylib
0x000000002da6c000 	/System/Library/Frameworks/ApplicationServices.framework/Versions/A/Frameworks/ATS.framework/Versions/A/Resources/libFontParser.dylib
0x000000002da6c000 	/System/Library/Frameworks/ApplicationServices.framework/Versions/A/Frameworks/ATS.framework/Versions/A/Resources/libFontRegistry.dylib
0x000000002da6c000 	/System/Library/Frameworks/ImageIO.framework/Versions/A/Resources/libJPEG.dylib
0x000000002da6c000 	/System/Library/Frameworks/ImageIO.framework/Versions/A/Resources/libTIFF.dylib
0x000000002da6c000 	/System/Library/Frameworks/ImageIO.framework/Versions/A/Resources/libPng.dylib
0x000000002da6c000 	/System/Library/Frameworks/ImageIO.framework/Versions/A/Resources/libGIF.dylib
0x000000002da6c000 	/System/Library/Frameworks/ImageIO.framework/Versions/A/Resources/libJP2.dylib
0x000000002da6c000 	/System/Library/Frameworks/ImageIO.framework/Versions/A/Resources/libRadiance.dylib
0x000000002da6c000 	/usr/lib/libcompression.dylib
0x000000002da6c000 	/System/Library/PrivateFrameworks/AppleJPEG.framework/Versions/A/AppleJPEG
0x000000002da6c000 	/usr/lib/libcups.2.dylib
0x000000002da6c000 	/System/Library/Frameworks/Kerberos.framework/Versions/A/Kerberos
0x000000002da6c000 	/System/Library/Frameworks/GSS.framework/Versions/A/GSS
0x000000002da6c000 	/usr/lib/libresolv.9.dylib
0x000000002da6c000 	/usr/lib/libiconv.2.dylib
0x000000002da6c000 	/System/Library/PrivateFrameworks/Heimdal.framework/Versions/A/Heimdal
0x000000002da6c000 	/usr/lib/libheimdal-asn1.dylib
0x000000002da6c000 	/System/Library/Frameworks/OpenDirectory.framework/Versions/A/OpenDirectory
0x000000002da6c000 	/System/Library/PrivateFrameworks/CommonAuth.framework/Versions/A/CommonAuth
0x000000002da6c000 	/System/Library/Frameworks/OpenDirectory.framework/Versions/A/Frameworks/CFOpenDirectory.framework/Versions/A/CFOpenDirectory
0x000000002da6c000 	/System/Library/Frameworks/SecurityFoundation.framework/Versions/A/SecurityFoundation
0x000000002da6c000 	/System/Library/PrivateFrameworks/LanguageModeling.framework/Versions/A/LanguageModeling
0x000000002da6c000 	/usr/lib/libmarisa.dylib
0x000000002da6c000 	/usr/lib/libChineseTokenizer.dylib
0x000000002da6c000 	/usr/lib/libcmph.dylib
0x000000002da6c000 	/System/Library/PrivateFrameworks/CoreEmoji.framework/Versions/A/CoreEmoji
0x000000002da6c000 	/System/Library/Frameworks/ServiceManagement.framework/Versions/A/ServiceManagement
0x000000002da6c000 	/usr/lib/libxslt.1.dylib
0x000000002da6c000 	/System/Library/Frameworks/Carbon.framework/Versions/A/Frameworks/Ink.framework/Versions/A/Ink
0x000000002da6c000 	/System/Library/PrivateFrameworks/TextureIO.framework/Versions/A/TextureIO
0x000000002da6c000 	/System/Library/Frameworks/Metal.framework/Versions/A/Metal
0x000000002da6c000 	/usr/lib/libate.dylib
0x000000002da6c000 	/System/Library/PrivateFrameworks/GPUCompiler.framework/libmetal_timestamp.dylib
0x000000002da6c000 	/System/Library/Frameworks/OpenGL.framework/Versions/A/Libraries/libCoreFSCache.dylib
0x000000002da6c000 	/System/Library/PrivateFrameworks/IOAccelerator.framework/Versions/A/IOAccelerator
0x000000002da6c000 	/System/Library/Frameworks/CoreVideo.framework/Versions/A/CoreVideo
0x000000002da6c000 	/usr/lib/libFosl_dynamic.dylib
0x000000002da6c000 	/System/Library/PrivateFrameworks/MetalPerformanceShaders.framework/Versions/A/MetalPerformanceShaders
0x000000002da6c000 	/System/Library/PrivateFrameworks/FaceCore.framework/Versions/A/FaceCore
0x000000002da6c000 	/System/Library/Frameworks/OpenCL.framework/Versions/A/OpenCL
0x000000002da6c000 	/System/Library/Frameworks/OpenGL.framework/Versions/A/Libraries/libGLU.dylib
0x000000002da6c000 	/System/Library/Frameworks/OpenGL.framework/Versions/A/Libraries/libGFXShared.dylib
0x000000002da6c000 	/System/Library/Frameworks/OpenGL.framework/Versions/A/Libraries/libGL.dylib
0x000000002da6c000 	/System/Library/Frameworks/OpenGL.framework/Versions/A/Libraries/libGLImage.dylib
0x000000002da6c000 	/System/Library/Frameworks/OpenGL.framework/Versions/A/Libraries/libCVMSPluginSupport.dylib
0x000000002da6c000 	/System/Library/Frameworks/OpenGL.framework/Versions/A/Libraries/libCoreVMClient.dylib
0x000000002da6c000 	/System/Library/PrivateFrameworks/CrashReporterSupport.framework/Versions/A/CrashReporterSupport
0x000000002da6c000 	/System/Library/PrivateFrameworks/Sharing.framework/Versions/A/Sharing
0x000000002da6c000 	/System/Library/PrivateFrameworks/IconServices.framework/Versions/A/IconServices
0x000000002da6c000 	/System/Library/PrivateFrameworks/ProtocolBuffer.framework/Versions/A/ProtocolBuffer
0x000000002da6c000 	/System/Library/PrivateFrameworks/Apple80211.framework/Versions/A/Apple80211
0x000000002da6c000 	/System/Library/Frameworks/CoreWLAN.framework/Versions/A/CoreWLAN
0x000000002da6c000 	/System/Library/PrivateFrameworks/CoreUtils.framework/Versions/A/CoreUtils
0x000000002da6c000 	/System/Library/Frameworks/IOBluetooth.framework/Versions/A/IOBluetooth
0x000000002da6c000 	/System/Library/PrivateFrameworks/CoreWiFi.framework/Versions/A/CoreWiFi
0x000000002da6c000 	/System/Library/Frameworks/CoreBluetooth.framework/Versions/A/CoreBluetooth
0x000000002da6c000 	/System/Library/Frameworks/CoreDisplay.framework/Versions/A/CoreDisplay
0x000000002da6c000 	/System/Library/PrivateFrameworks/IOPresentment.framework/Versions/A/IOPresentment
0x000000002da6c000 	/System/Library/PrivateFrameworks/DebugSymbols.framework/Versions/A/DebugSymbols
0x000000002da6c000 	/System/Library/PrivateFrameworks/CoreSymbolication.framework/Versions/A/CoreSymbolication
0x000000002da6c000 	/System/Library/PrivateFrameworks/Symbolication.framework/Versions/A/Symbolication
0x000000002da6c000 	/System/Library/PrivateFrameworks/AppleFSCompression.framework/Versions/A/AppleFSCompression
0x000000002da6c000 	/System/Library/PrivateFrameworks/SpeechRecognitionCore.framework/Versions/A/SpeechRecognitionCore
0x000000002da6c000 	/System/Library/PrivateFrameworks/ChunkingLibrary.framework/Versions/A/ChunkingLibrary
0x0000000108a00000 	/Library/Java/JavaVirtualMachines/jdk1.8.0_111.jdk/Contents/Home/jre/lib/server/libjvm.dylib
0x000000002da6c000 	/usr/lib/libstdc++.6.dylib
0x00000001080cc000 	/Library/Java/JavaVirtualMachines/jdk1.8.0_111.jdk/Contents/Home/jre/lib/libverify.dylib
0x00000001080da000 	/Library/Java/JavaVirtualMachines/jdk1.8.0_111.jdk/Contents/Home/jre/lib/libjava.dylib
0x0000000108110000 	/Library/Java/JavaVirtualMachines/jdk1.8.0_111.jdk/Contents/Home/jre/lib/libinstrument.dylib
0x000000010816e000 	/Library/Java/JavaVirtualMachines/jdk1.8.0_111.jdk/Contents/Home/jre/lib/libzip.dylib
0x000000010cd3f000 	/System/Library/Frameworks/JavaVM.framework/Frameworks/JavaRuntimeSupport.framework/JavaRuntimeSupport
0x00000001081e7000 	/System/Library/Frameworks/JavaVM.framework/Versions/A/Frameworks/JavaNativeFoundation.framework/Versions/A/JavaNativeFoundation
0x000000010cd59000 	/System/Library/Frameworks/JavaVM.framework/Versions/A/JavaVM
0x000000002da6c000 	/System/Library/Frameworks/Carbon.framework/Versions/A/Carbon
0x000000010cd66000 	/System/Library/PrivateFrameworks/JavaLaunching.framework/Versions/A/JavaLaunching
0x000000002da6c000 	/System/Library/Frameworks/Carbon.framework/Versions/A/Frameworks/CommonPanels.framework/Versions/A/CommonPanels
0x000000002da6c000 	/System/Library/Frameworks/Carbon.framework/Versions/A/Frameworks/Help.framework/Versions/A/Help
0x000000002da6c000 	/System/Library/Frameworks/Carbon.framework/Versions/A/Frameworks/ImageCapture.framework/Versions/A/ImageCapture
0x000000002da6c000 	/System/Library/Frameworks/Carbon.framework/Versions/A/Frameworks/OpenScripting.framework/Versions/A/OpenScripting
0x000000002da6c000 	/System/Library/Frameworks/Carbon.framework/Versions/A/Frameworks/Print.framework/Versions/A/Print
0x000000002da6c000 	/System/Library/Frameworks/Carbon.framework/Versions/A/Frameworks/SecurityHI.framework/Versions/A/SecurityHI
0x000000010e78b000 	/Library/Java/JavaVirtualMachines/jdk1.8.0_111.jdk/Contents/Home/jre/lib/libnet.dylib
0x000000010e7ea000 	/Library/Java/JavaVirtualMachines/jdk1.8.0_111.jdk/Contents/Home/jre/lib/libawt.dylib
0x000000010e892000 	/Library/Java/JavaVirtualMachines/jdk1.8.0_111.jdk/Contents/Home/jre/lib/./libmlib_image.dylib
0x000000010e95e000 	/Library/Java/JavaVirtualMachines/jdk1.8.0_111.jdk/Contents/Home/jre/lib/libawt_lwawt.dylib
0x000000010ea13000 	/Library/Java/JavaVirtualMachines/jdk1.8.0_111.jdk/Contents/Home/jre/lib/./libosxapp.dylib
0x000000002da6c000 	/System/Library/Frameworks/ExceptionHandling.framework/Versions/A/ExceptionHandling
0x000000002da6c000 	/System/Library/PrivateFrameworks/CoreServicesInternal.framework/Versions/A/CoreServicesInternal
0x000000002da6c000 	/System/Library/CoreServices/RawCamera.bundle/Contents/MacOS/RawCamera
0x000000002da6c000 	/System/Library/Frameworks/Accelerate.framework/Versions/A/Frameworks/vImage.framework/Versions/A/Libraries/libCGInterfaces.dylib
0x000000002da6c000 	/System/Library/Frameworks/ApplicationServices.framework/Versions/A/Frameworks/ATS.framework/Versions/A/Resources/libTrueTypeScaler.dylib
0x000000002da6c000 	/System/Library/Frameworks/OpenGL.framework/Versions/A/Resources/GLEngine.bundle/GLEngine
0x000000002da6c000 	/System/Library/Frameworks/OpenGL.framework/Versions/A/Libraries/libGLProgrammability.dylib
0x0000000110329000 	/System/Library/Extensions/AppleIntelHD3000GraphicsGLDriver.bundle/Contents/MacOS/AppleIntelHD3000GraphicsGLDriver
0x000000002da6c000 	/System/Library/PrivateFrameworks/GPUSupport.framework/Versions/A/Libraries/libGPUSupport.dylib
0x000000002da6c000 	/System/Library/Frameworks/OpenGL.framework/Versions/A/Resources/GLRendererFloat.bundle/GLRendererFloat
0x000000002da6c000 	/System/Library/Frameworks/OpenCL.framework/Versions/A/Libraries/libcldcpuengine.dylib
0x000000002da6c000 	/usr/lib/libcrypto.0.9.8.dylib
0x000000002da6c000 	/System/Library/PrivateFrameworks/TrustEvaluationAgent.framework/Versions/A/TrustEvaluationAgent
0x000000002da6c000 	/System/Library/PrivateFrameworks/FamilyControls.framework/Versions/A/FamilyControls
0x000000002da6c000 	/System/Library/PrivateFrameworks/CommerceKit.framework/Versions/A/Frameworks/CommerceCore.framework/Versions/A/CommerceCore
0x000000002da6c000 	/System/Library/PrivateFrameworks/SystemAdministration.framework/Versions/A/SystemAdministration
0x000000002da6c000 	/System/Library/PrivateFrameworks/AppContainer.framework/Versions/A/AppContainer
0x000000002da6c000 	/System/Library/PrivateFrameworks/SecCodeWrapper.framework/Versions/A/SecCodeWrapper
0x000000002da6c000 	/System/Library/Frameworks/DirectoryService.framework/Versions/A/DirectoryService
0x000000002da6c000 	/System/Library/PrivateFrameworks/DiskImages.framework/Versions/A/DiskImages
0x000000002da6c000 	/System/Library/PrivateFrameworks/LoginUIKit.framework/Versions/A/Frameworks/LoginUICore.framework/Versions/A/LoginUICore
0x000000002da6c000 	/usr/lib/libCoreStorage.dylib
0x000000002da6c000 	/usr/lib/libcsfde.dylib
0x000000002da6c000 	/usr/lib/libodfde.dylib
0x000000002da6c000 	/System/Library/Frameworks/DiscRecording.framework/Versions/A/DiscRecording
0x000000002da6c000 	/usr/lib/libcurl.4.dylib
0x000000002da6c000 	/System/Library/PrivateFrameworks/MediaKit.framework/Versions/A/MediaKit
0x000000002da6c000 	/System/Library/PrivateFrameworks/ProtectedCloudStorage.framework/Versions/A/ProtectedCloudStorage
0x000000002da6c000 	/System/Library/PrivateFrameworks/EFILogin.framework/Versions/A/EFILogin
0x000000002da6c000 	/usr/lib/libutil.dylib
0x000000002da6c000 	/System/Library/Frameworks/LDAP.framework/Versions/A/LDAP
0x000000002da6c000 	/usr/lib/libsasl2.2.dylib
0x000000002da6c000 	/System/Library/PrivateFrameworks/CoreDaemon.framework/Versions/B/CoreDaemon
0x000000002da6c000 	/System/Library/PrivateFrameworks/AppleSRP.framework/Versions/A/AppleSRP
0x000000002da6c000 	/System/Library/PrivateFrameworks/APFS.framework/Versions/A/APFS
0x0000000110ebc000 	/Library/Java/JavaVirtualMachines/jdk1.8.0_111.jdk/Contents/Home/jre/lib/libfontmanager.dylib
0x000000010f34b000 	/Library/Java/JavaVirtualMachines/jdk1.8.0_111.jdk/Contents/Home/jre/lib/libosxui.dylib
0x000000002da6c000 	/System/Library/PrivateFrameworks/ViewBridge.framework/Versions/A/ViewBridge
0x000000002da6c000 	/System/Library/PrivateFrameworks/XPCService.framework/Versions/A/XPCService
0x000000002da6c000 	/System/Library/PrivateFrameworks/AppSandbox.framework/Versions/A/AppSandbox
0x000000002da6c000 	/usr/lib/libsandbox.1.dylib
0x000000002da6c000 	/usr/lib/libMatch.1.dylib
0x0000000111b70000 	/Library/Java/JavaVirtualMachines/jdk1.8.0_111.jdk/Contents/Home/jre/lib/libnio.dylib

VM Arguments:
jvm_args: -javaagent:/Applications/IntelliJ IDEA.app/Contents/lib/idea_rt.jar=49908:/Applications/IntelliJ IDEA.app/Contents/bin -Dfile.encoding=UTF-8 
java_command: Tank.tankgame
java_class_path (initial): /Library/Java/JavaVirtualMachines/jdk1.8.0_111.jdk/Contents/Home/jre/lib/charsets.jar:/Library/Java/JavaVirtualMachines/jdk1.8.0_111.jdk/Contents/Home/jre/lib/deploy.jar:/Library/Java/JavaVirtualMachines/jdk1.8.0_111.jdk/Contents/Home/jre/lib/ext/cldrdata.jar:/Library/Java/JavaVirtualMachines/jdk1.8.0_111.jdk/Contents/Home/jre/lib/ext/dnsns.jar:/Library/Java/JavaVirtualMachines/jdk1.8.0_111.jdk/Contents/Home/jre/lib/ext/jaccess.jar:/Library/Java/JavaVirtualMachines/jdk1.8.0_111.jdk/Contents/Home/jre/lib/ext/jfxrt.jar:/Library/Java/JavaVirtualMachines/jdk1.8.0_111.jdk/Contents/Home/jre/lib/ext/localedata.jar:/Library/Java/JavaVirtualMachines/jdk1.8.0_111.jdk/Contents/Home/jre/lib/ext/nashorn.jar:/Library/Java/JavaVirtualMachines/jdk1.8.0_111.jdk/Contents/Home/jre/lib/ext/sunec.jar:/Library/Java/JavaVirtualMachines/jdk1.8.0_111.jdk/Contents/Home/jre/lib/ext/sunjce_provider.jar:/Library/Java/JavaVirtualMachines/jdk1.8.0_111.jdk/Contents/Home/jre/lib/ext/sunpkcs11.jar:/Library/Java/JavaVirtualMachines/jdk1.8.0_111.jdk/Contents/Home/jre/lib/ext/zipfs.jar:/Library/Java/JavaVirtualMachines/jdk1.8.0_111.jdk/Contents/Home/jre/lib/javaws.jar:/Library/Java/JavaVirtualMachines/jdk1.8.0_111.jdk/Contents/Home/jre/lib/jce.jar:/Library/Java/JavaVirtualMachines/jdk1.8.0_111.jdk/Contents/Home/jre/lib/jfr.jar:/Library/Java/JavaVirtualMachines/jdk1.8.0_111.jdk/Contents/Home/jre/lib/jfxswt.jar:/Library/Java/JavaVirtualMachines/jdk1.8.0_111.jdk/Contents/Home/jre/lib/jsse.jar:/Library/Java/JavaVirtualMachines/jdk1.8.0_111.jdk/Contents/Home/jre/lib/management-agent.jar:/Library/Java/JavaVirtualMachines/jdk1.8.0_111.jdk/Contents/Home/jre/lib/plugin.jar:/Library/Java/JavaVirtualMachines/jdk1.8.0_111.jdk/Contents/Home/jre/lib/resources.jar:/Library/Java/JavaVirtualMachines/jdk1.8.0_111.jdk/Contents/Home/jre/lib/rt.jar:/Library/Java/JavaVirtualMachines/jdk1.8.0_111.jdk/Contents/Home/lib/ant-javafx.jar:/Library/Java/JavaVirtualMachines/jdk1.8.0_111.jdk/Contents/Home
Launcher Type: SUN_STANDARD

Environment Variables:
PATH=/usr/local/bin:/usr/bin:/bin:/usr/sbin:/sbin
SHELL=/bin/bash

Signal Handlers:
SIGSEGV: [libjvm.dylib+0x5b03ed], sa_mask[0]=11111111011111110111111111111111, sa_flags=SA_ONSTACK|SA_RESTART|SA_SIGINFO
SIGBUS: [libjvm.dylib+0x5b03ed], sa_mask[0]=11111111011111110111111111111111, sa_flags=SA_RESTART|SA_SIGINFO
SIGFPE: [libjvm.dylib+0x48711c], sa_mask[0]=11111111011111110111111111111111, sa_flags=SA_RESTART|SA_SIGINFO
SIGPIPE: [libjvm.dylib+0x48711c], sa_mask[0]=11111111011111110111111111111111, sa_flags=SA_RESTART|SA_SIGINFO
SIGXFSZ: [libjvm.dylib+0x48711c], sa_mask[0]=11111111011111110111111111111111, sa_flags=SA_RESTART|SA_SIGINFO
SIGILL: [libjvm.dylib+0x48711c], sa_mask[0]=11111111011111110111111111111111, sa_flags=SA_RESTART|SA_SIGINFO
SIGUSR1: SIG_DFL, sa_mask[0]=00000000000000000000000000000000, sa_flags=none
SIGUSR2: [libjvm.dylib+0x486c3a], sa_mask[0]=00100000000000000000000000000000, sa_flags=SA_RESTART|SA_SIGINFO
SIGHUP: [libjvm.dylib+0x485211], sa_mask[0]=11111111011111110111111111111111, sa_flags=SA_RESTART|SA_SIGINFO
SIGINT: [libjvm.dylib+0x485211], sa_mask[0]=11111111011111110111111111111111, sa_flags=SA_RESTART|SA_SIGINFO
SIGTERM: [libjvm.dylib+0x485211], sa_mask[0]=11111111011111110111111111111111, sa_flags=SA_RESTART|SA_SIGINFO
SIGQUIT: [libjvm.dylib+0x485211], sa_mask[0]=11111111011111110111111111111111, sa_flags=SA_RESTART|SA_SIGINFO


---------------  S Y S T E M  ---------------

OS:Bsduname:Darwin 16.0.0 Darwin Kernel Version 16.0.0: Mon Aug 29 17:56:20 PDT 2016; root:xnu-3789.1.32~3/RELEASE_X86_64 x86_64
rlimit: STACK 8192k, CORE 0k, NPROC 709, NOFILE 10240, AS infinity
load average:3.58 2.67 2.47

CPU:total 4 (2 cores per cpu, 2 threads per core) family 6 model 42 stepping 7, cmov, cx8, fxsr, mmx, sse, sse2, sse3, ssse3, sse4.1, sse4.2, popcnt, avx, aes, clmul, ht, tsc, tscinvbit

Memory: 4k page, physical 16777216k(511364k free)

/proc/meminfo:


vm_info: Java HotSpot(TM) 64-Bit Server VM (25.111-b14) for bsd-amd64 JRE (1.8.0_111-b14), built on Sep 22 2016 15:31:41 by "java_re" with gcc 4.2.1 (Based on Apple Inc. build 5658) (LLVM build 2336.11.00)

time: Fri May  5 00:28:42 2017
elapsed time: 1 seconds (0d 0h 0m 1s)

