#
# A fatal error has been detected by the Java Runtime Environment:
#
#  SIGSEGV (0xb) at pc=0x00000001061a9231, pid=1866, tid=0x0000000000002b03
#
# JRE version: Java(TM) SE Runtime Environment (8.0_111-b14) (build 1.8.0_111-b14)
# Java VM: Java HotSpot(TM) 64-Bit Server VM (25.111-b14 mixed mode bsd-amd64 compressed oops)
# Problematic frame:
# V  [libjvm.dylib+0x1a9231]  oopDesc::size()+0x89
#
# Failed to write core dump. Core dumps have been disabled. To enable core dumping, try "ulimit -c unlimited" before starting Java again
#
# If you would like to submit a bug report, please visit:
#   http://bugreport.java.com/bugreport/crash.jsp
#

---------------  T H R E A D  ---------------

Current thread (0x00007f898b815000):  GCTaskThread [stack: 0x00007000061ff000,0x00007000062ff000] [id=11011]

siginfo: si_signo: 11 (SIGSEGV), si_code: 1 (SEGV_MAPERR), si_addr: 0x00000000000000e8

Registers:
RAX=0x0000000000000000, RBX=0x0000000000000005, RCX=0x0000000000000003, RDX=0x0000000000000001
RSP=0x00007000062fec70, RBP=0x00007000062fec70, RSI=0x000000077a166f40, RDI=0x00000007c0066430
R8 =0x00000001068e5e01, R9 =0x000000078ae592f0, R10=0x000000078ae612f0, R11=0x0000000010cf3f90
R12=0x00000001068e5e16, R13=0x00000007895c092d, R14=0x00007f898b848140, R15=0x00007f898b8481d8
RIP=0x00000001061a9231, EFLAGS=0x0000000000010246, ERR=0x0000000000000004
  TRAPNO=0x000000000000000e

Top of Stack: (sp=0x00007000062fec70)
0x00007000062fec70:   00007000062fece0 00000001064c6971
0x00007000062fec80:   000000078ae5ac24 000000077a166f40
0x00007000062fec90:   000000078ae5ac28 00000007c00626a0
0x00007000062feca0:   00007f898b848140 0000000000000005
0x00007000062fecb0:   000000000000000d 00000007895c092d
0x00007000062fecc0:   00000001068e5e16 00000007895c092d
0x00007000062fecd0:   00000007895c092c 00007f898b8481d8
0x00007000062fece0:   00007000062fed00 00000001064c6e87
0x00007000062fecf0:   00007f898b848140 00007f898b8481a0
0x00007000062fed00:   00007000062fed60 00000001064c5e1a
0x00007000062fed10:   00000007895c0945 01007000062fed84
0x00007000062fed20:   00000007895c092d 00000001064c6826
0x00007000062fed30:   00007000062fed60 0000000000000003
0x00007000062fed40:   00007000062fed84 00007000062fed78
0x00007000062fed50:   00007f898ba51c20 00007f898b848140
0x00007000062fed60:   00007000062fedb0 00000001064c9b27
0x00007000062fed70:   0000000000000003 000000076ce28e3a
0x00007000062fed80:   6bf3b5f0062fedb0 00007f898b815000
0x00007000062fed90:   0000000000000000 000000010661366a
0x00007000062feda0:   00007f898ba51c20 0000000000000001
0x00007000062fedb0:   00007000062fee90 0000000106275b8b
0x00007000062fedc0:   00007000062fedf0 00007f898a60f920
0x00007000062fedd0:   00007f898a60f950 00007f898a60f960
0x00007000062fede0:   00007f898a60fd38 00000000000003d8
0x00007000062fedf0:   00007f898b815000 00007f898a60fd40
0x00007000062fee00:   00007f898a60fd80 00007f898a60fd90
0x00007000062fee10:   00007f898a60fe68 00000000000000d8
0x00007000062fee20:   00007000062fee30 0000000000000000
0x00007000062fee30:   00007f898b815000 00007f898a60fd40
0x00007000062fee40:   00007f898a60fd80 00007f898a60fd90
0x00007000062fee50:   00007f898a60fe68 00000000000000d8
0x00007000062fee60:   00007f898a60ff80 00007f898b815000 

Instructions: (pc=0x00000001061a9231)
0x00000001061a9211:   00 48 01 c1 48 ba ff ff ff ff 07 00 00 00 48 01
0x00000001061a9221:   ca 48 f7 d8 48 21 d0 48 c1 e8 03 5d c3 48 8b 07
0x00000001061a9231:   48 8b 80 e8 00 00 00 5d ff e0 90 55 48 89 e5 41
0x00000001061a9241:   57 41 56 41 55 41 54 53 48 83 ec 28 48 89 f3 49 

Register to memory mapping:

RAX=0x0000000000000000 is an unknown value
RBX=0x0000000000000005 is an unknown value
RCX=0x0000000000000003 is an unknown value
RDX=0x0000000000000001 is an unknown value
RSP=0x00007000062fec70 is an unknown value
RBP=0x00007000062fec70 is an unknown value
RSI=0x000000077a166f40 is an oop

[error occurred during error reporting (printing register info), id 0xb]

Stack: [0x00007000061ff000,0x00007000062ff000],  sp=0x00007000062fec70,  free space=1023k
Native frames: (J=compiled Java code, j=interpreted, Vv=VM code, C=native code)
V  [libjvm.dylib+0x1a9231]  oopDesc::size()+0x89
V  [libjvm.dylib+0x4c6971]  oopDesc* PSPromotionManager::copy_to_survivor_space<false>(oopDesc*)+0x35
V  [libjvm.dylib+0x4c6e87]  PSPromotionManager::process_popped_location_depth(StarTask)+0x73
V  [libjvm.dylib+0x4c5e1a]  PSPromotionManager::drain_stacks_depth(bool)+0x8a
V  [libjvm.dylib+0x4c9b27]  StealTask::do_it(GCTaskManager*, unsigned int)+0x9f
V  [libjvm.dylib+0x275b8b]  GCTaskThread::run()+0x1a1
V  [libjvm.dylib+0x489b0a]  java_start(Thread*)+0xf6
C  [libsystem_pthread.dylib+0x3abb]  _pthread_body+0xb4
C  [libsystem_pthread.dylib+0x3a07]  _pthread_body+0x0
C  [libsystem_pthread.dylib+0x3231]  thread_start+0xd


---------------  P R O C E S S  ---------------

Java Threads: ( => current thread )
  0x00007f898bc11800 JavaThread "AWT-Shutdown" [_thread_blocked, id=30471, stack(0x0000700006da3000,0x0000700006ea3000)]
  0x00007f898b1d9000 JavaThread "Java2D Disposer" daemon [_thread_blocked, id=65035, stack(0x00007000071b2000,0x00007000072b2000)]
  0x00007f898a940000 JavaThread "Java2D Queue Flusher" daemon [_thread_blocked, id=56839, stack(0x00007000070af000,0x00007000071af000)]
  0x00007f898bb0a800 JavaThread "TimerQueue" daemon [_thread_blocked, id=48727, stack(0x0000700006fac000,0x00007000070ac000)]
  0x00007f898a874800 JavaThread "AppKit Thread" daemon [_thread_in_native, id=2059, stack(0x00007fff59cca000,0x00007fff5a4ca000)]
  0x00007f898c005800 JavaThread "Service Thread" daemon [_thread_blocked, id=19203, stack(0x0000700006b1a000,0x0000700006c1a000)]
  0x00007f898c057800 JavaThread "C1 CompilerThread2" daemon [_thread_blocked, id=18691, stack(0x0000700006a17000,0x0000700006b17000)]
  0x00007f898c056800 JavaThread "C2 CompilerThread1" daemon [_thread_blocked, id=18179, stack(0x0000700006914000,0x0000700006a14000)]
  0x00007f898c000800 JavaThread "C2 CompilerThread0" daemon [_thread_blocked, id=17667, stack(0x0000700006811000,0x0000700006911000)]
  0x00007f898b8f3000 JavaThread "Monitor Ctrl-Break" daemon [_thread_in_native, id=17155, stack(0x000070000670e000,0x000070000680e000)]
  0x00007f898a819800 JavaThread "Signal Dispatcher" daemon [_thread_blocked, id=16643, stack(0x000070000660b000,0x000070000670b000)]
  0x00007f898b02b800 JavaThread "Finalizer" daemon [_thread_blocked, id=12547, stack(0x0000700006508000,0x0000700006608000)]
  0x00007f898b023000 JavaThread "Reference Handler" daemon [_thread_blocked, id=12035, stack(0x0000700006405000,0x0000700006505000)]
  0x00007f898b807800 JavaThread "main" [_thread_blocked, id=7171, stack(0x0000700005df3000,0x0000700005ef3000)]

Other Threads:
  0x00007f898b848800 VMThread [stack: 0x0000700006302000,0x0000700006402000] [id=11523]
  0x00007f898a871800 WatcherThread [stack: 0x0000700006c1d000,0x0000700006d1d000] [id=19715]

=>0x00007f898b815000 (exited) GCTaskThread [stack: 0x00007000061ff000,0x00007000062ff000] [id=11011]

VM state:at safepoint (normal execution)

VM Mutex/Monitor currently owned by a thread:  ([mutex/lock_event])
[0x00007f898a602f50] Threads_lock - owner thread: 0x00007f898b848800
[0x00007f898a603450] Heap_lock - owner thread: 0x00007f898b807800

Heap:
 PSYoungGen      total 272384K, used 261632K [0x000000076ab00000, 0x0000000795680000, 0x00000007c0000000)
  eden space 261632K, 100% used [0x000000076ab00000,0x000000077aa80000,0x000000077aa80000)
  from space 10752K, 0% used [0x000000077ab00000,0x000000077ab00000,0x000000077b580000)
  to   space 219136K, 26% used [0x0000000788080000,0x000000078b8632f8,0x0000000795680000)
 ParOldGen       total 985088K, used 531828K [0x00000006c0000000, 0x00000006fc200000, 0x000000076ab00000)
  object space 985088K, 53% used [0x00000006c0000000,0x00000006e075d368,0x00000006fc200000)
 Metaspace       used 9127K, capacity 9274K, committed 9344K, reserved 1056768K
  class space    used 1082K, capacity 1149K, committed 1152K, reserved 1048576K

Card table byte_map: [0x00000001073c6000,0x0000000107bc7000] byte_map_base: 0x0000000103dc6000

Marking Bits: (ParMarkBitMap*) 0x00000001068efd20
 Begin Bits: [0x000000010811d000, 0x000000010c11d000)
 End Bits:   [0x000000010c11d000, 0x000000011011d000)

Polling page: 0x00000001057f6000

CodeCache: size=245760Kb used=2108Kb max_used=2122Kb free=243651Kb
 bounds [0x0000000111170000, 0x00000001113e0000, 0x0000000120170000]
 total_blobs=903 nmethods=452 adapters=365
 compilation: enabled

Compilation events (10 events):
Event: 1.346 Thread 0x00007f898c056800 nmethod 446 0x00000001113785d0 code [0x0000000111378740, 0x00000001113788c8]
Event: 1.346 Thread 0x00007f898c056800  448       4       Wall.Wall::<init> (64 bytes)
Event: 1.346 Thread 0x00007f898c000800 nmethod 447 0x0000000111378a50 code [0x0000000111378ba0, 0x0000000111378d18]
Event: 1.351 Thread 0x00007f898c056800 nmethod 448 0x0000000111376b50 code [0x0000000111376ca0, 0x0000000111376ed8]
Event: 1.393 Thread 0x00007f898c057800  449 % !   3       Tank.tankgame::mapPrinter @ 33 (190 bytes)
Event: 1.397 Thread 0x00007f898c057800 nmethod 449% 0x000000011137a790 code [0x000000011137ab80, 0x000000011137ce98]
Event: 1.401 Thread 0x00007f898c057800  450   !   3       Tank.tankgame::mapPrinter (190 bytes)
Event: 1.404 Thread 0x00007f898c057800 nmethod 450 0x000000011137e710 code [0x000000011137eae0, 0x0000000111380cf8]
Event: 1.419 Thread 0x00007f898c000800  451 % !   4       Tank.tankgame::mapPrinter @ 33 (190 bytes)
Event: 1.525 Thread 0x00007f898c000800 nmethod 451% 0x0000000111378fd0 code [0x00000001113791e0, 0x0000000111379d98]

GC Heap History (10 events):
Event: 4.005 GC heap after
Heap after GC invocations=4 (full 1):
 PSYoungGen      total 141824K, used 8635K [0x000000076ab00000, 0x000000077c000000, 0x00000007c0000000)
  eden space 131072K, 0% used [0x000000076ab00000,0x000000076ab00000,0x0000000772b00000)
  from space 10752K, 80% used [0x0000000772b00000,0x000000077336ef20,0x0000000773580000)
  to   space 10752K, 0% used [0x000000077b580000,0x000000077b580000,0x000000077c000000)
 ParOldGen       total 458752K, used 222472K [0x00000006c0000000, 0x00000006dc000000, 0x000000076ab00000)
  object space 458752K, 48% used [0x00000006c0000000,0x00000006cd942308,0x00000006dc000000)
 Metaspace       used 9121K, capacity 9274K, committed 9344K, reserved 1056768K
  class space    used 1079K, capacity 1149K, committed 1152K, reserved 1048576K
}
Event: 4.031 GC heap before
{Heap before GC invocations=5 (full 1):
 PSYoungGen      total 141824K, used 139707K [0x000000076ab00000, 0x000000077c000000, 0x00000007c0000000)
  eden space 131072K, 100% used [0x000000076ab00000,0x0000000772b00000,0x0000000772b00000)
  from space 10752K, 80% used [0x0000000772b00000,0x000000077336ef20,0x0000000773580000)
  to   space 10752K, 0% used [0x000000077b580000,0x000000077b580000,0x000000077c000000)
 ParOldGen       total 458752K, used 222472K [0x00000006c0000000, 0x00000006dc000000, 0x000000076ab00000)
  object space 458752K, 48% used [0x00000006c0000000,0x00000006cd942308,0x00000006dc000000)
 Metaspace       used 9127K, capacity 9274K, committed 9344K, reserved 1056768K
  class space    used 1082K, capacity 1149K, committed 1152K, reserved 1048576K
Event: 4.232 GC heap after
Heap after GC invocations=5 (full 1):
 PSYoungGen      total 202752K, used 10745K [0x000000076ab00000, 0x000000077c000000, 0x00000007c0000000)
  eden space 192000K, 0% used [0x000000076ab00000,0x000000076ab00000,0x0000000776680000)
  from space 10752K, 99% used [0x000000077b580000,0x000000077bffe6b8,0x000000077c000000)
  to   space 10752K, 0% used [0x000000077ab00000,0x000000077ab00000,0x000000077b580000)
 ParOldGen       total 458752K, used 342171K [0x00000006c0000000, 0x00000006dc000000, 0x000000076ab00000)
  object space 458752K, 74% used [0x00000006c0000000,0x00000006d4e26f10,0x00000006dc000000)
 Metaspace       used 9127K, capacity 9274K, committed 9344K, reserved 1056768K
  class space    used 1082K, capacity 1149K, committed 1152K, reserved 1048576K
}
Event: 4.232 GC heap before
{Heap before GC invocations=6 (full 2):
 PSYoungGen      total 202752K, used 10745K [0x000000076ab00000, 0x000000077c000000, 0x00000007c0000000)
  eden space 192000K, 0% used [0x000000076ab00000,0x000000076ab00000,0x0000000776680000)
  from space 10752K, 99% used [0x000000077b580000,0x000000077bffe6b8,0x000000077c000000)
  to   space 10752K, 0% used [0x000000077ab00000,0x000000077ab00000,0x000000077b580000)
 ParOldGen       total 458752K, used 342171K [0x00000006c0000000, 0x00000006dc000000, 0x000000076ab00000)
  object space 458752K, 74% used [0x00000006c0000000,0x00000006d4e26f10,0x00000006dc000000)
 Metaspace       used 9127K, capacity 9274K, committed 9344K, reserved 1056768K
  class space    used 1082K, capacity 1149K, committed 1152K, reserved 1048576K
Event: 5.771 GC heap after
Heap after GC invocations=6 (full 2):
 PSYoungGen      total 202752K, used 0K [0x000000076ab00000, 0x000000077c000000, 0x00000007c0000000)
  eden space 192000K, 0% used [0x000000076ab00000,0x000000076ab00000,0x0000000776680000)
  from space 10752K, 0% used [0x000000077b580000,0x000000077b580000,0x000000077c000000)
  to   space 10752K, 0% used [0x000000077ab00000,0x000000077ab00000,0x000000077b580000)
 ParOldGen       total 679424K, used 352434K [0x00000006c0000000, 0x00000006e9780000, 0x000000076ab00000)
  object space 679424K, 51% used [0x00000006c0000000,0x00000006d582c998,0x00000006e9780000)
 Metaspace       used 9127K, capacity 9274K, committed 9344K, reserved 1056768K
  class space    used 1082K, capacity 1149K, committed 1152K, reserved 1048576K
}
Event: 5.826 GC heap before
{Heap before GC invocations=7 (full 2):
 PSYoungGen      total 202752K, used 192000K [0x000000076ab00000, 0x000000077c000000, 0x00000007c0000000)
  eden space 192000K, 100% used [0x000000076ab00000,0x0000000776680000,0x0000000776680000)
  from space 10752K, 0% used [0x000000077b580000,0x000000077b580000,0x000000077c000000)
  to   space 10752K, 0% used [0x000000077ab00000,0x000000077ab00000,0x000000077b580000)
 ParOldGen       total 679424K, used 352434K [0x00000006c0000000, 0x00000006e9780000, 0x000000076ab00000)
  object space 679424K, 51% used [0x00000006c0000000,0x00000006d582c998,0x00000006e9780000)
 Metaspace       used 9127K, capacity 9274K, committed 9344K, reserved 1056768K
  class space    used 1082K, capacity 1149K, committed 1152K, reserved 1048576K
Event: 6.047 GC heap after
Heap after GC invocations=7 (full 2):
 PSYoungGen      total 272384K, used 10752K [0x000000076ab00000, 0x0000000795680000, 0x00000007c0000000)
  eden space 261632K, 0% used [0x000000076ab00000,0x000000076ab00000,0x000000077aa80000)
  from space 10752K, 100% used [0x000000077ab00000,0x000000077b580000,0x000000077b580000)
  to   space 219136K, 0% used [0x0000000788080000,0x0000000788080000,0x0000000795680000)
 ParOldGen       total 679424K, used 532434K [0x00000006c0000000, 0x00000006e9780000, 0x000000076ab00000)
  object space 679424K, 78% used [0x00000006c0000000,0x00000006e07f4b98,0x00000006e9780000)
 Metaspace       used 9127K, capacity 9274K, committed 9344K, reserved 1056768K
  class space    used 1082K, capacity 1149K, committed 1152K, reserved 1048576K
}
Event: 6.047 GC heap before
{Heap before GC invocations=8 (full 3):
 PSYoungGen      total 272384K, used 10752K [0x000000076ab00000, 0x0000000795680000, 0x00000007c0000000)
  eden space 261632K, 0% used [0x000000076ab00000,0x000000076ab00000,0x000000077aa80000)
  from space 10752K, 100% used [0x000000077ab00000,0x000000077b580000,0x000000077b580000)
  to   space 219136K, 0% used [0x0000000788080000,0x0000000788080000,0x0000000795680000)
 ParOldGen       total 679424K, used 532434K [0x00000006c0000000, 0x00000006e9780000, 0x000000076ab00000)
  object space 679424K, 78% used [0x00000006c0000000,0x00000006e07f4b98,0x00000006e9780000)
 Metaspace       used 9127K, capacity 9274K, committed 9344K, reserved 1056768K
  class space    used 1082K, capacity 1149K, committed 1152K, reserved 1048576K
Event: 7.991 GC heap after
Heap after GC invocations=8 (full 3):
 PSYoungGen      total 272384K, used 0K [0x000000076ab00000, 0x0000000795680000, 0x00000007c0000000)
  eden space 261632K, 0% used [0x000000076ab00000,0x000000076ab00000,0x000000077aa80000)
  from space 10752K, 0% used [0x000000077ab00000,0x000000077ab00000,0x000000077b580000)
  to   space 219136K, 0% used [0x0000000788080000,0x0000000788080000,0x0000000795680000)
 ParOldGen       total 985088K, used 531828K [0x00000006c0000000, 0x00000006fc200000, 0x000000076ab00000)
  object space 985088K, 53% used [0x00000006c0000000,0x00000006e075d368,0x00000006fc200000)
 Metaspace       used 9127K, capacity 9274K, committed 9344K, reserved 1056768K
  class space    used 1082K, capacity 1149K, committed 1152K, reserved 1048576K
}
Event: 8.090 GC heap before
{Heap before GC invocations=9 (full 3):
 PSYoungGen      total 272384K, used 261632K [0x000000076ab00000, 0x0000000795680000, 0x00000007c0000000)
  eden space 261632K, 100% used [0x000000076ab00000,0x000000077aa80000,0x000000077aa80000)
  from space 10752K, 0% used [0x000000077ab00000,0x000000077ab00000,0x000000077b580000)
  to   space 219136K, 0% used [0x0000000788080000,0x0000000788080000,0x0000000795680000)
 ParOldGen       total 985088K, used 531828K [0x00000006c0000000, 0x00000006fc200000, 0x000000076ab00000)
  object space 985088K, 53% used [0x00000006c0000000,0x00000006e075d368,0x00000006fc200000)
 Metaspace       used 9127K, capacity 9274K, committed 9344K, reserved 1056768K
  class space    used 1082K, capacity 1149K, committed 1152K, reserved 1048576K

Deoptimization events (1 events):
Event: 1.290 Thread 0x00007f898b807800 Uncommon trap: reason=unstable_if action=reinterpret pc=0x0000000111349340 method=sun.awt.image.ByteInterleavedRaster.putByteData(IIII[B)V @ 395

Internal exceptions (10 events):
Event: 0.265 Thread 0x00007f898b807800 Exception <a 'java/security/PrivilegedActionException'> (0x000000076ae16628) thrown at [/Users/java_re/workspace/8-2-build-macosx-x86_64/jdk8u111/7883/hotspot/src/share/vm/prims/jvm.cpp, line 1386]
Event: 0.265 Thread 0x00007f898b807800 Exception <a 'java/security/PrivilegedActionException'> (0x000000076ae16838) thrown at [/Users/java_re/workspace/8-2-build-macosx-x86_64/jdk8u111/7883/hotspot/src/share/vm/prims/jvm.cpp, line 1386]
Event: 0.266 Thread 0x00007f898b807800 Exception <a 'java/security/PrivilegedActionException'> (0x000000076ae19b40) thrown at [/Users/java_re/workspace/8-2-build-macosx-x86_64/jdk8u111/7883/hotspot/src/share/vm/prims/jvm.cpp, line 1386]
Event: 0.266 Thread 0x00007f898b807800 Exception <a 'java/security/PrivilegedActionException'> (0x000000076ae19d50) thrown at [/Users/java_re/workspace/8-2-build-macosx-x86_64/jdk8u111/7883/hotspot/src/share/vm/prims/jvm.cpp, line 1386]
Event: 0.336 Thread 0x00007f898b807800 Exception <a 'java/lang/NoSuchFieldError': method resolution failed> (0x000000076b093368) thrown at [/Users/java_re/workspace/8-2-build-macosx-x86_64/jdk8u111/7883/hotspot/src/share/vm/prims/methodHandles.cpp, line 1146]
Event: 0.339 Thread 0x00007f898b807800 Exception <a 'java/lang/NoSuchFieldError': method resolution failed> (0x000000076b0a15b0) thrown at [/Users/java_re/workspace/8-2-build-macosx-x86_64/jdk8u111/7883/hotspot/src/share/vm/prims/methodHandles.cpp, line 1146]
Event: 0.652 Thread 0x00007f898b807800 Exception <a 'java/io/FileNotFoundException'> (0x000000076b141b98) thrown at [/Users/java_re/workspace/8-2-build-macosx-x86_64/jdk8u111/7883/hotspot/src/share/vm/prims/jni.cpp, line 709]
Event: 0.652 Thread 0x00007f898b807800 Exception <a 'java/io/FileNotFoundException'> (0x000000076b142740) thrown at [/Users/java_re/workspace/8-2-build-macosx-x86_64/jdk8u111/7883/hotspot/src/share/vm/prims/jni.cpp, line 709]
Event: 0.859 Thread 0x00007f898b807800 Exception <a 'java/io/FileNotFoundException'> (0x000000076b3e73e8) thrown at [/Users/java_re/workspace/8-2-build-macosx-x86_64/jdk8u111/7883/hotspot/src/share/vm/prims/jni.cpp, line 709]
Event: 1.028 Thread 0x00007f898b807800 Exception <a 'java/lang/NullPointerException'> (0x000000076b5ddfe8) thrown at [/Users/java_re/workspace/8-2-build-macosx-x86_64/jdk8u111/7883/hotspot/src/share/vm/interpreter/linkResolver.cpp, line 1178]

Events (10 events):
Event: 4.006 loading class sun/awt/AppContext$PostShutdownEventRunnable done
Event: 4.006 loading class sun/awt/AWTAutoShutdown$1
Event: 4.006 loading class sun/awt/AWTAutoShutdown$1 done
Event: 4.006 Thread 0x00007f898b09f000 Thread exited: 0x00007f898b09f000
Event: 4.031 Executing VM operation: ParallelGCFailedAllocation
Event: 5.771 Executing VM operation: ParallelGCFailedAllocation done
Event: 5.771 Thread 0x00007f898bc11800 Thread added: 0x00007f898bc11800
Event: 5.826 Executing VM operation: ParallelGCFailedAllocation
Event: 7.991 Executing VM operation: ParallelGCFailedAllocation done
Event: 8.090 Executing VM operation: ParallelGCFailedAllocation


Dynamic libraries:
0x000000002da6c000 	/System/Library/Frameworks/Cocoa.framework/Versions/A/Cocoa
0x000000002da6c000 	/System/Library/Frameworks/Security.framework/Versions/A/Security
0x000000002da6c000 	/System/Library/Frameworks/ApplicationServices.framework/Versions/A/ApplicationServices
0x000000002da6c000 	/usr/lib/libz.1.dylib
0x000000002da6c000 	/usr/lib/libSystem.B.dylib
0x000000002da6c000 	/usr/lib/libobjc.A.dylib
0x000000002da6c000 	/System/Library/Frameworks/CoreFoundation.framework/Versions/A/CoreFoundation
0x000000002da6c000 	/System/Library/Frameworks/Foundation.framework/Versions/C/Foundation
0x000000002da6c000 	/System/Library/Frameworks/AppKit.framework/Versions/C/AppKit
0x000000002da6c000 	/System/Library/Frameworks/CoreData.framework/Versions/A/CoreData
0x000000002da6c000 	/System/Library/PrivateFrameworks/RemoteViewServices.framework/Versions/A/RemoteViewServices
0x000000002da6c000 	/System/Library/PrivateFrameworks/UIFoundation.framework/Versions/A/UIFoundation
0x000000002da6c000 	/usr/lib/libenergytrace.dylib
0x000000002da6c000 	/System/Library/PrivateFrameworks/SkyLight.framework/Versions/A/SkyLight
0x000000002da6c000 	/System/Library/Frameworks/CoreGraphics.framework/Versions/A/CoreGraphics
0x000000002da6c000 	/usr/lib/libScreenReader.dylib
0x000000002da6c000 	/System/Library/Frameworks/Accelerate.framework/Versions/A/Accelerate
0x000000002da6c000 	/System/Library/Frameworks/IOSurface.framework/Versions/A/IOSurface
0x000000002da6c000 	/System/Library/Frameworks/AudioToolbox.framework/Versions/A/AudioToolbox
0x000000002da6c000 	/System/Library/Frameworks/AudioUnit.framework/Versions/A/AudioUnit
0x000000002da6c000 	/System/Library/PrivateFrameworks/DataDetectorsCore.framework/Versions/A/DataDetectorsCore
0x000000002da6c000 	/System/Library/PrivateFrameworks/DesktopServicesPriv.framework/Versions/A/DesktopServicesPriv
0x000000002da6c000 	/System/Library/Frameworks/Carbon.framework/Versions/A/Frameworks/HIToolbox.framework/Versions/A/HIToolbox
0x000000002da6c000 	/usr/lib/libicucore.A.dylib
0x000000002da6c000 	/System/Library/Frameworks/QuartzCore.framework/Versions/A/QuartzCore
0x000000002da6c000 	/System/Library/Frameworks/Carbon.framework/Versions/A/Frameworks/SpeechRecognition.framework/Versions/A/SpeechRecognition
0x000000002da6c000 	/usr/lib/libauto.dylib
0x000000002da6c000 	/usr/lib/libxml2.2.dylib
0x000000002da6c000 	/System/Library/PrivateFrameworks/CoreUI.framework/Versions/A/CoreUI
0x000000002da6c000 	/System/Library/Frameworks/CoreAudio.framework/Versions/A/CoreAudio
0x000000002da6c000 	/System/Library/Frameworks/DiskArbitration.framework/Versions/A/DiskArbitration
0x000000002da6c000 	/usr/lib/liblangid.dylib
0x000000002da6c000 	/System/Library/PrivateFrameworks/MultitouchSupport.framework/Versions/A/MultitouchSupport
0x000000002da6c000 	/System/Library/Frameworks/IOKit.framework/Versions/A/IOKit
0x000000002da6c000 	/usr/lib/libDiagnosticMessagesClient.dylib
0x000000002da6c000 	/System/Library/Frameworks/CoreServices.framework/Versions/A/CoreServices
0x000000002da6c000 	/System/Library/PrivateFrameworks/PerformanceAnalysis.framework/Versions/A/PerformanceAnalysis
0x000000002da6c000 	/System/Library/PrivateFrameworks/GenerationalStorage.framework/Versions/A/GenerationalStorage
0x000000002da6c000 	/System/Library/Frameworks/OpenGL.framework/Versions/A/OpenGL
0x000000002da6c000 	/System/Library/Frameworks/CoreImage.framework/Versions/A/CoreImage
0x000000002da6c000 	/System/Library/Frameworks/CoreText.framework/Versions/A/CoreText
0x000000002da6c000 	/System/Library/Frameworks/ImageIO.framework/Versions/A/ImageIO
0x000000002da6c000 	/System/Library/PrivateFrameworks/Backup.framework/Versions/A/Backup
0x000000002da6c000 	/usr/lib/libarchive.2.dylib
0x000000002da6c000 	/System/Library/Frameworks/CFNetwork.framework/Versions/A/CFNetwork
0x000000002da6c000 	/System/Library/Frameworks/SystemConfiguration.framework/Versions/A/SystemConfiguration
0x000000002da6c000 	/usr/lib/libCRFSuite.dylib
0x000000002da6c000 	/usr/lib/libc++.1.dylib
0x000000002da6c000 	/usr/lib/libc++abi.dylib
0x000000002da6c000 	/usr/lib/system/libcache.dylib
0x000000002da6c000 	/usr/lib/system/libcommonCrypto.dylib
0x000000002da6c000 	/usr/lib/system/libcompiler_rt.dylib
0x000000002da6c000 	/usr/lib/system/libcopyfile.dylib
0x000000002da6c000 	/usr/lib/system/libcorecrypto.dylib
0x000000002da6c000 	/usr/lib/system/libdispatch.dylib
0x000000002da6c000 	/usr/lib/system/libdyld.dylib
0x000000002da6c000 	/usr/lib/system/libkeymgr.dylib
0x000000002da6c000 	/usr/lib/system/liblaunch.dylib
0x000000002da6c000 	/usr/lib/system/libmacho.dylib
0x000000002da6c000 	/usr/lib/system/libquarantine.dylib
0x000000002da6c000 	/usr/lib/system/libremovefile.dylib
0x000000002da6c000 	/usr/lib/system/libsystem_asl.dylib
0x000000002da6c000 	/usr/lib/system/libsystem_blocks.dylib
0x000000002da6c000 	/usr/lib/system/libsystem_c.dylib
0x000000002da6c000 	/usr/lib/system/libsystem_configuration.dylib
0x000000002da6c000 	/usr/lib/system/libsystem_coreservices.dylib
0x000000002da6c000 	/usr/lib/system/libsystem_coretls.dylib
0x000000002da6c000 	/usr/lib/system/libsystem_dnssd.dylib
0x000000002da6c000 	/usr/lib/system/libsystem_info.dylib
0x000000002da6c000 	/usr/lib/system/libsystem_kernel.dylib
0x000000002da6c000 	/usr/lib/system/libsystem_m.dylib
0x000000002da6c000 	/usr/lib/system/libsystem_malloc.dylib
0x000000002da6c000 	/usr/lib/system/libsystem_network.dylib
0x000000002da6c000 	/usr/lib/system/libsystem_networkextension.dylib
0x000000002da6c000 	/usr/lib/system/libsystem_notify.dylib
0x000000002da6c000 	/usr/lib/system/libsystem_platform.dylib
0x000000002da6c000 	/usr/lib/system/libsystem_pthread.dylib
0x000000002da6c000 	/usr/lib/system/libsystem_sandbox.dylib
0x000000002da6c000 	/usr/lib/system/libsystem_secinit.dylib
0x000000002da6c000 	/usr/lib/system/libsystem_symptoms.dylib
0x000000002da6c000 	/usr/lib/system/libsystem_trace.dylib
0x000000002da6c000 	/usr/lib/system/libunwind.dylib
0x000000002da6c000 	/usr/lib/system/libxpc.dylib
0x000000002da6c000 	/usr/lib/libbsm.0.dylib
0x000000002da6c000 	/usr/lib/system/libkxld.dylib
0x000000002da6c000 	/usr/lib/libcoretls.dylib
0x000000002da6c000 	/usr/lib/libcoretls_cfhelpers.dylib
0x000000002da6c000 	/usr/lib/libxar.1.dylib
0x000000002da6c000 	/usr/lib/libsqlite3.dylib
0x000000002da6c000 	/usr/lib/libpam.2.dylib
0x000000002da6c000 	/usr/lib/libOpenScriptingUtil.dylib
0x000000002da6c000 	/usr/lib/libbz2.1.0.dylib
0x000000002da6c000 	/usr/lib/liblzma.5.dylib
0x000000002da6c000 	/usr/lib/libnetwork.dylib
0x000000002da6c000 	/usr/lib/libpcap.A.dylib
0x000000002da6c000 	/System/Library/Frameworks/CoreServices.framework/Versions/A/Frameworks/FSEvents.framework/Versions/A/FSEvents
0x000000002da6c000 	/System/Library/Frameworks/CoreServices.framework/Versions/A/Frameworks/CarbonCore.framework/Versions/A/CarbonCore
0x000000002da6c000 	/System/Library/Frameworks/CoreServices.framework/Versions/A/Frameworks/Metadata.framework/Versions/A/Metadata
0x000000002da6c000 	/System/Library/Frameworks/CoreServices.framework/Versions/A/Frameworks/OSServices.framework/Versions/A/OSServices
0x000000002da6c000 	/System/Library/Frameworks/CoreServices.framework/Versions/A/Frameworks/SearchKit.framework/Versions/A/SearchKit
0x000000002da6c000 	/System/Library/Frameworks/CoreServices.framework/Versions/A/Frameworks/AE.framework/Versions/A/AE
0x000000002da6c000 	/System/Library/Frameworks/CoreServices.framework/Versions/A/Frameworks/LaunchServices.framework/Versions/A/LaunchServices
0x000000002da6c000 	/System/Library/Frameworks/CoreServices.framework/Versions/A/Frameworks/DictionaryServices.framework/Versions/A/DictionaryServices
0x000000002da6c000 	/System/Library/Frameworks/CoreServices.framework/Versions/A/Frameworks/SharedFileList.framework/Versions/A/SharedFileList
0x000000002da6c000 	/System/Library/Frameworks/NetFS.framework/Versions/A/NetFS
0x000000002da6c000 	/System/Library/PrivateFrameworks/NetAuth.framework/Versions/A/NetAuth
0x000000002da6c000 	/System/Library/PrivateFrameworks/login.framework/Versions/A/Frameworks/loginsupport.framework/Versions/A/loginsupport
0x000000002da6c000 	/System/Library/PrivateFrameworks/TCC.framework/Versions/A/TCC
0x000000002da6c000 	/usr/lib/libmecabra.dylib
0x000000002da6c000 	/System/Library/Frameworks/ApplicationServices.framework/Versions/A/Frameworks/ATS.framework/Versions/A/ATS
0x000000002da6c000 	/System/Library/Frameworks/ApplicationServices.framework/Versions/A/Frameworks/ColorSync.framework/Versions/A/ColorSync
0x000000002da6c000 	/System/Library/Frameworks/ApplicationServices.framework/Versions/A/Frameworks/HIServices.framework/Versions/A/HIServices
0x000000002da6c000 	/System/Library/Frameworks/ApplicationServices.framework/Versions/A/Frameworks/LangAnalysis.framework/Versions/A/LangAnalysis
0x000000002da6c000 	/System/Library/Frameworks/ApplicationServices.framework/Versions/A/Frameworks/PrintCore.framework/Versions/A/PrintCore
0x000000002da6c000 	/System/Library/Frameworks/ApplicationServices.framework/Versions/A/Frameworks/QD.framework/Versions/A/QD
0x000000002da6c000 	/System/Library/Frameworks/ApplicationServices.framework/Versions/A/Frameworks/SpeechSynthesis.framework/Versions/A/SpeechSynthesis
0x000000002da6c000 	/System/Library/Frameworks/Accelerate.framework/Versions/A/Frameworks/vImage.framework/Versions/A/vImage
0x000000002da6c000 	/System/Library/Frameworks/Accelerate.framework/Versions/A/Frameworks/vecLib.framework/Versions/A/vecLib
0x000000002da6c000 	/System/Library/Frameworks/Accelerate.framework/Versions/A/Frameworks/vecLib.framework/Versions/A/libvDSP.dylib
0x000000002da6c000 	/System/Library/Frameworks/Accelerate.framework/Versions/A/Frameworks/vecLib.framework/Versions/A/libBNNS.dylib
0x000000002da6c000 	/System/Library/Frameworks/Accelerate.framework/Versions/A/Frameworks/vecLib.framework/Versions/A/libQuadrature.dylib
0x000000002da6c000 	/System/Library/Frameworks/Accelerate.framework/Versions/A/Frameworks/vecLib.framework/Versions/A/libvMisc.dylib
0x000000002da6c000 	/System/Library/Frameworks/Accelerate.framework/Versions/A/Frameworks/vecLib.framework/Versions/A/libLAPACK.dylib
0x000000002da6c000 	/System/Library/Frameworks/Accelerate.framework/Versions/A/Frameworks/vecLib.framework/Versions/A/libBLAS.dylib
0x000000002da6c000 	/System/Library/Frameworks/Accelerate.framework/Versions/A/Frameworks/vecLib.framework/Versions/A/libLinearAlgebra.dylib
0x000000002da6c000 	/System/Library/Frameworks/Accelerate.framework/Versions/A/Frameworks/vecLib.framework/Versions/A/libSparseBLAS.dylib
0x000000002da6c000 	/System/Library/Frameworks/ApplicationServices.framework/Versions/A/Frameworks/ATS.framework/Versions/A/Resources/libFontParser.dylib
0x000000002da6c000 	/System/Library/Frameworks/ApplicationServices.framework/Versions/A/Frameworks/ATS.framework/Versions/A/Resources/libFontRegistry.dylib
0x000000002da6c000 	/System/Library/Frameworks/ImageIO.framework/Versions/A/Resources/libJPEG.dylib
0x000000002da6c000 	/System/Library/Frameworks/ImageIO.framework/Versions/A/Resources/libTIFF.dylib
0x000000002da6c000 	/System/Library/Frameworks/ImageIO.framework/Versions/A/Resources/libPng.dylib
0x000000002da6c000 	/System/Library/Frameworks/ImageIO.framework/Versions/A/Resources/libGIF.dylib
0x000000002da6c000 	/System/Library/Frameworks/ImageIO.framework/Versions/A/Resources/libJP2.dylib
0x000000002da6c000 	/System/Library/Frameworks/ImageIO.framework/Versions/A/Resources/libRadiance.dylib
0x000000002da6c000 	/usr/lib/libcompression.dylib
0x000000002da6c000 	/System/Library/PrivateFrameworks/AppleJPEG.framework/Versions/A/AppleJPEG
0x000000002da6c000 	/usr/lib/libcups.2.dylib
0x000000002da6c000 	/System/Library/Frameworks/Kerberos.framework/Versions/A/Kerberos
0x000000002da6c000 	/System/Library/Frameworks/GSS.framework/Versions/A/GSS
0x000000002da6c000 	/usr/lib/libresolv.9.dylib
0x000000002da6c000 	/usr/lib/libiconv.2.dylib
0x000000002da6c000 	/System/Library/PrivateFrameworks/Heimdal.framework/Versions/A/Heimdal
0x000000002da6c000 	/usr/lib/libheimdal-asn1.dylib
0x000000002da6c000 	/System/Library/Frameworks/OpenDirectory.framework/Versions/A/OpenDirectory
0x000000002da6c000 	/System/Library/PrivateFrameworks/CommonAuth.framework/Versions/A/CommonAuth
0x000000002da6c000 	/System/Library/Frameworks/OpenDirectory.framework/Versions/A/Frameworks/CFOpenDirectory.framework/Versions/A/CFOpenDirectory
0x000000002da6c000 	/System/Library/Frameworks/SecurityFoundation.framework/Versions/A/SecurityFoundation
0x000000002da6c000 	/System/Library/PrivateFrameworks/LanguageModeling.framework/Versions/A/LanguageModeling
0x000000002da6c000 	/usr/lib/libmarisa.dylib
0x000000002da6c000 	/usr/lib/libChineseTokenizer.dylib
0x000000002da6c000 	/usr/lib/libcmph.dylib
0x000000002da6c000 	/System/Library/PrivateFrameworks/CoreEmoji.framework/Versions/A/CoreEmoji
0x000000002da6c000 	/System/Library/Frameworks/ServiceManagement.framework/Versions/A/ServiceManagement
0x000000002da6c000 	/usr/lib/libxslt.1.dylib
0x000000002da6c000 	/System/Library/Frameworks/Carbon.framework/Versions/A/Frameworks/Ink.framework/Versions/A/Ink
0x000000002da6c000 	/System/Library/PrivateFrameworks/TextureIO.framework/Versions/A/TextureIO
0x000000002da6c000 	/System/Library/Frameworks/Metal.framework/Versions/A/Metal
0x000000002da6c000 	/usr/lib/libate.dylib
0x000000002da6c000 	/System/Library/PrivateFrameworks/GPUCompiler.framework/libmetal_timestamp.dylib
0x000000002da6c000 	/System/Library/Frameworks/OpenGL.framework/Versions/A/Libraries/libCoreFSCache.dylib
0x000000002da6c000 	/System/Library/PrivateFrameworks/IOAccelerator.framework/Versions/A/IOAccelerator
0x000000002da6c000 	/System/Library/Frameworks/CoreVideo.framework/Versions/A/CoreVideo
0x000000002da6c000 	/usr/lib/libFosl_dynamic.dylib
0x000000002da6c000 	/System/Library/PrivateFrameworks/MetalPerformanceShaders.framework/Versions/A/MetalPerformanceShaders
0x000000002da6c000 	/System/Library/PrivateFrameworks/FaceCore.framework/Versions/A/FaceCore
0x000000002da6c000 	/System/Library/Frameworks/OpenCL.framework/Versions/A/OpenCL
0x000000002da6c000 	/System/Library/Frameworks/OpenGL.framework/Versions/A/Libraries/libGLU.dylib
0x000000002da6c000 	/System/Library/Frameworks/OpenGL.framework/Versions/A/Libraries/libGFXShared.dylib
0x000000002da6c000 	/System/Library/Frameworks/OpenGL.framework/Versions/A/Libraries/libGL.dylib
0x000000002da6c000 	/System/Library/Frameworks/OpenGL.framework/Versions/A/Libraries/libGLImage.dylib
0x000000002da6c000 	/System/Library/Frameworks/OpenGL.framework/Versions/A/Libraries/libCVMSPluginSupport.dylib
0x000000002da6c000 	/System/Library/Frameworks/OpenGL.framework/Versions/A/Libraries/libCoreVMClient.dylib
0x000000002da6c000 	/System/Library/PrivateFrameworks/CrashReporterSupport.framework/Versions/A/CrashReporterSupport
0x000000002da6c000 	/System/Library/PrivateFrameworks/Sharing.framework/Versions/A/Sharing
0x000000002da6c000 	/System/Library/PrivateFrameworks/IconServices.framework/Versions/A/IconServices
0x000000002da6c000 	/System/Library/PrivateFrameworks/ProtocolBuffer.framework/Versions/A/ProtocolBuffer
0x000000002da6c000 	/System/Library/PrivateFrameworks/Apple80211.framework/Versions/A/Apple80211
0x000000002da6c000 	/System/Library/Frameworks/CoreWLAN.framework/Versions/A/CoreWLAN
0x000000002da6c000 	/System/Library/PrivateFrameworks/CoreUtils.framework/Versions/A/CoreUtils
0x000000002da6c000 	/System/Library/Frameworks/IOBluetooth.framework/Versions/A/IOBluetooth
0x000000002da6c000 	/System/Library/PrivateFrameworks/CoreWiFi.framework/Versions/A/CoreWiFi
0x000000002da6c000 	/System/Library/Frameworks/CoreBluetooth.framework/Versions/A/CoreBluetooth
0x000000002da6c000 	/System/Library/Frameworks/CoreDisplay.framework/Versions/A/CoreDisplay
0x000000002da6c000 	/System/Library/PrivateFrameworks/IOPresentment.framework/Versions/A/IOPresentment
0x000000002da6c000 	/System/Library/PrivateFrameworks/DebugSymbols.framework/Versions/A/DebugSymbols
0x000000002da6c000 	/System/Library/PrivateFrameworks/CoreSymbolication.framework/Versions/A/CoreSymbolication
0x000000002da6c000 	/System/Library/PrivateFrameworks/Symbolication.framework/Versions/A/Symbolication
0x000000002da6c000 	/System/Library/PrivateFrameworks/AppleFSCompression.framework/Versions/A/AppleFSCompression
0x000000002da6c000 	/System/Library/PrivateFrameworks/SpeechRecognitionCore.framework/Versions/A/SpeechRecognitionCore
0x000000002da6c000 	/System/Library/PrivateFrameworks/ChunkingLibrary.framework/Versions/A/ChunkingLibrary
0x0000000106000000 	/Library/Java/JavaVirtualMachines/jdk1.8.0_111.jdk/Contents/Home/jre/lib/server/libjvm.dylib
0x000000002da6c000 	/usr/lib/libstdc++.6.dylib
0x00000001057b3000 	/Library/Java/JavaVirtualMachines/jdk1.8.0_111.jdk/Contents/Home/jre/lib/libverify.dylib
0x00000001057c1000 	/Library/Java/JavaVirtualMachines/jdk1.8.0_111.jdk/Contents/Home/jre/lib/libjava.dylib
0x0000000106fa1000 	/Library/Java/JavaVirtualMachines/jdk1.8.0_111.jdk/Contents/Home/jre/lib/libinstrument.dylib
0x0000000106ffd000 	/Library/Java/JavaVirtualMachines/jdk1.8.0_111.jdk/Contents/Home/jre/lib/libzip.dylib
0x00000001214b0000 	/System/Library/Frameworks/JavaVM.framework/Frameworks/JavaRuntimeSupport.framework/JavaRuntimeSupport
0x00000001214ca000 	/System/Library/Frameworks/JavaVM.framework/Versions/A/Frameworks/JavaNativeFoundation.framework/Versions/A/JavaNativeFoundation
0x00000001110d4000 	/System/Library/Frameworks/JavaVM.framework/Versions/A/JavaVM
0x000000002da6c000 	/System/Library/Frameworks/Carbon.framework/Versions/A/Carbon
0x00000001214df000 	/System/Library/PrivateFrameworks/JavaLaunching.framework/Versions/A/JavaLaunching
0x000000002da6c000 	/System/Library/Frameworks/Carbon.framework/Versions/A/Frameworks/CommonPanels.framework/Versions/A/CommonPanels
0x000000002da6c000 	/System/Library/Frameworks/Carbon.framework/Versions/A/Frameworks/Help.framework/Versions/A/Help
0x000000002da6c000 	/System/Library/Frameworks/Carbon.framework/Versions/A/Frameworks/ImageCapture.framework/Versions/A/ImageCapture
0x000000002da6c000 	/System/Library/Frameworks/Carbon.framework/Versions/A/Frameworks/OpenScripting.framework/Versions/A/OpenScripting
0x000000002da6c000 	/System/Library/Frameworks/Carbon.framework/Versions/A/Frameworks/Print.framework/Versions/A/Print
0x000000002da6c000 	/System/Library/Frameworks/Carbon.framework/Versions/A/Frameworks/SecurityHI.framework/Versions/A/SecurityHI
0x0000000122efd000 	/Library/Java/JavaVirtualMachines/jdk1.8.0_111.jdk/Contents/Home/jre/lib/libnet.dylib
0x0000000122f5c000 	/Library/Java/JavaVirtualMachines/jdk1.8.0_111.jdk/Contents/Home/jre/lib/libawt.dylib
0x0000000123004000 	/Library/Java/JavaVirtualMachines/jdk1.8.0_111.jdk/Contents/Home/jre/lib/./libmlib_image.dylib
0x00000001230d0000 	/Library/Java/JavaVirtualMachines/jdk1.8.0_111.jdk/Contents/Home/jre/lib/libawt_lwawt.dylib
0x0000000123185000 	/Library/Java/JavaVirtualMachines/jdk1.8.0_111.jdk/Contents/Home/jre/lib/./libosxapp.dylib
0x000000002da6c000 	/System/Library/Frameworks/ExceptionHandling.framework/Versions/A/ExceptionHandling
0x000000002da6c000 	/System/Library/PrivateFrameworks/CoreServicesInternal.framework/Versions/A/CoreServicesInternal
0x000000002da6c000 	/System/Library/CoreServices/RawCamera.bundle/Contents/MacOS/RawCamera
0x000000002da6c000 	/System/Library/Frameworks/Accelerate.framework/Versions/A/Frameworks/vImage.framework/Versions/A/Libraries/libCGInterfaces.dylib
0x000000002da6c000 	/System/Library/Frameworks/ApplicationServices.framework/Versions/A/Frameworks/ATS.framework/Versions/A/Resources/libTrueTypeScaler.dylib
0x000000002da6c000 	/System/Library/Frameworks/OpenGL.framework/Versions/A/Resources/GLEngine.bundle/GLEngine
0x000000002da6c000 	/System/Library/Frameworks/OpenGL.framework/Versions/A/Libraries/libGLProgrammability.dylib
0x0000000124a9b000 	/System/Library/Extensions/AppleIntelHD3000GraphicsGLDriver.bundle/Contents/MacOS/AppleIntelHD3000GraphicsGLDriver
0x000000002da6c000 	/System/Library/PrivateFrameworks/GPUSupport.framework/Versions/A/Libraries/libGPUSupport.dylib
0x000000002da6c000 	/System/Library/Frameworks/OpenGL.framework/Versions/A/Resources/GLRendererFloat.bundle/GLRendererFloat
0x000000002da6c000 	/System/Library/Frameworks/OpenCL.framework/Versions/A/Libraries/libcldcpuengine.dylib
0x000000002da6c000 	/usr/lib/libcrypto.0.9.8.dylib
0x000000002da6c000 	/System/Library/PrivateFrameworks/TrustEvaluationAgent.framework/Versions/A/TrustEvaluationAgent
0x000000002da6c000 	/System/Library/PrivateFrameworks/FamilyControls.framework/Versions/A/FamilyControls
0x000000002da6c000 	/System/Library/PrivateFrameworks/CommerceKit.framework/Versions/A/Frameworks/CommerceCore.framework/Versions/A/CommerceCore
0x000000002da6c000 	/System/Library/PrivateFrameworks/SystemAdministration.framework/Versions/A/SystemAdministration
0x000000002da6c000 	/System/Library/PrivateFrameworks/AppContainer.framework/Versions/A/AppContainer
0x000000002da6c000 	/System/Library/PrivateFrameworks/SecCodeWrapper.framework/Versions/A/SecCodeWrapper
0x000000002da6c000 	/System/Library/Frameworks/DirectoryService.framework/Versions/A/DirectoryService
0x000000002da6c000 	/System/Library/PrivateFrameworks/DiskImages.framework/Versions/A/DiskImages
0x000000002da6c000 	/System/Library/PrivateFrameworks/LoginUIKit.framework/Versions/A/Frameworks/LoginUICore.framework/Versions/A/LoginUICore
0x000000002da6c000 	/usr/lib/libCoreStorage.dylib
0x000000002da6c000 	/usr/lib/libcsfde.dylib
0x000000002da6c000 	/usr/lib/libodfde.dylib
0x000000002da6c000 	/System/Library/Frameworks/DiscRecording.framework/Versions/A/DiscRecording
0x000000002da6c000 	/usr/lib/libcurl.4.dylib
0x000000002da6c000 	/System/Library/PrivateFrameworks/MediaKit.framework/Versions/A/MediaKit
0x000000002da6c000 	/System/Library/PrivateFrameworks/ProtectedCloudStorage.framework/Versions/A/ProtectedCloudStorage
0x000000002da6c000 	/System/Library/PrivateFrameworks/EFILogin.framework/Versions/A/EFILogin
0x000000002da6c000 	/usr/lib/libutil.dylib
0x000000002da6c000 	/System/Library/Frameworks/LDAP.framework/Versions/A/LDAP
0x000000002da6c000 	/usr/lib/libsasl2.2.dylib
0x000000002da6c000 	/System/Library/PrivateFrameworks/CoreDaemon.framework/Versions/B/CoreDaemon
0x000000002da6c000 	/System/Library/PrivateFrameworks/AppleSRP.framework/Versions/A/AppleSRP
0x000000002da6c000 	/System/Library/PrivateFrameworks/APFS.framework/Versions/A/APFS
0x000000012662a000 	/Library/Java/JavaVirtualMachines/jdk1.8.0_111.jdk/Contents/Home/jre/lib/libfontmanager.dylib
0x0000000123abd000 	/Library/Java/JavaVirtualMachines/jdk1.8.0_111.jdk/Contents/Home/jre/lib/libosxui.dylib
0x000000002da6c000 	/System/Library/PrivateFrameworks/ViewBridge.framework/Versions/A/ViewBridge
0x000000002da6c000 	/System/Library/PrivateFrameworks/XPCService.framework/Versions/A/XPCService
0x000000002da6c000 	/System/Library/PrivateFrameworks/AppSandbox.framework/Versions/A/AppSandbox
0x000000002da6c000 	/usr/lib/libsandbox.1.dylib
0x000000002da6c000 	/usr/lib/libMatch.1.dylib
0x00000001272be000 	/Library/Java/JavaVirtualMachines/jdk1.8.0_111.jdk/Contents/Home/jre/lib/libnio.dylib

VM Arguments:
jvm_args: -javaagent:/Applications/IntelliJ IDEA.app/Contents/lib/idea_rt.jar=49905:/Applications/IntelliJ IDEA.app/Contents/bin -Dfile.encoding=UTF-8 
java_command: Tank.tankgame
java_class_path (initial): /Library/Java/JavaVirtualMachines/jdk1.8.0_111.jdk/Contents/Home/jre/lib/charsets.jar:/Library/Java/JavaVirtualMachines/jdk1.8.0_111.jdk/Contents/Home/jre/lib/deploy.jar:/Library/Java/JavaVirtualMachines/jdk1.8.0_111.jdk/Contents/Home/jre/lib/ext/cldrdata.jar:/Library/Java/JavaVirtualMachines/jdk1.8.0_111.jdk/Contents/Home/jre/lib/ext/dnsns.jar:/Library/Java/JavaVirtualMachines/jdk1.8.0_111.jdk/Contents/Home/jre/lib/ext/jaccess.jar:/Library/Java/JavaVirtualMachines/jdk1.8.0_111.jdk/Contents/Home/jre/lib/ext/jfxrt.jar:/Library/Java/JavaVirtualMachines/jdk1.8.0_111.jdk/Contents/Home/jre/lib/ext/localedata.jar:/Library/Java/JavaVirtualMachines/jdk1.8.0_111.jdk/Contents/Home/jre/lib/ext/nashorn.jar:/Library/Java/JavaVirtualMachines/jdk1.8.0_111.jdk/Contents/Home/jre/lib/ext/sunec.jar:/Library/Java/JavaVirtualMachines/jdk1.8.0_111.jdk/Contents/Home/jre/lib/ext/sunjce_provider.jar:/Library/Java/JavaVirtualMachines/jdk1.8.0_111.jdk/Contents/Home/jre/lib/ext/sunpkcs11.jar:/Library/Java/JavaVirtualMachines/jdk1.8.0_111.jdk/Contents/Home/jre/lib/ext/zipfs.jar:/Library/Java/JavaVirtualMachines/jdk1.8.0_111.jdk/Contents/Home/jre/lib/javaws.jar:/Library/Java/JavaVirtualMachines/jdk1.8.0_111.jdk/Contents/Home/jre/lib/jce.jar:/Library/Java/JavaVirtualMachines/jdk1.8.0_111.jdk/Contents/Home/jre/lib/jfr.jar:/Library/Java/JavaVirtualMachines/jdk1.8.0_111.jdk/Contents/Home/jre/lib/jfxswt.jar:/Library/Java/JavaVirtualMachines/jdk1.8.0_111.jdk/Contents/Home/jre/lib/jsse.jar:/Library/Java/JavaVirtualMachines/jdk1.8.0_111.jdk/Contents/Home/jre/lib/management-agent.jar:/Library/Java/JavaVirtualMachines/jdk1.8.0_111.jdk/Contents/Home/jre/lib/plugin.jar:/Library/Java/JavaVirtualMachines/jdk1.8.0_111.jdk/Contents/Home/jre/lib/resources.jar:/Library/Java/JavaVirtualMachines/jdk1.8.0_111.jdk/Contents/Home/jre/lib/rt.jar:/Library/Java/JavaVirtualMachines/jdk1.8.0_111.jdk/Contents/Home/lib/ant-javafx.jar:/Library/Java/JavaVirtualMachines/jdk1.8.0_111.jdk/Contents/Home
Launcher Type: SUN_STANDARD

Environment Variables:
PATH=/usr/local/bin:/usr/bin:/bin:/usr/sbin:/sbin
SHELL=/bin/bash

Signal Handlers:
SIGSEGV: [libjvm.dylib+0x5b03ed], sa_mask[0]=11111111011111110111111111111111, sa_flags=SA_ONSTACK|SA_RESTART|SA_SIGINFO
SIGBUS: [libjvm.dylib+0x5b03ed], sa_mask[0]=11111111011111110111111111111111, sa_flags=SA_RESTART|SA_SIGINFO
SIGFPE: [libjvm.dylib+0x48711c], sa_mask[0]=11111111011111110111111111111111, sa_flags=SA_RESTART|SA_SIGINFO
SIGPIPE: [libjvm.dylib+0x48711c], sa_mask[0]=11111111011111110111111111111111, sa_flags=SA_RESTART|SA_SIGINFO
SIGXFSZ: [libjvm.dylib+0x48711c], sa_mask[0]=11111111011111110111111111111111, sa_flags=SA_RESTART|SA_SIGINFO
SIGILL: [libjvm.dylib+0x48711c], sa_mask[0]=11111111011111110111111111111111, sa_flags=SA_RESTART|SA_SIGINFO
SIGUSR1: SIG_DFL, sa_mask[0]=00000000000000000000000000000000, sa_flags=none
SIGUSR2: [libjvm.dylib+0x486c3a], sa_mask[0]=00100000000000000000000000000000, sa_flags=SA_RESTART|SA_SIGINFO
SIGHUP: [libjvm.dylib+0x485211], sa_mask[0]=11111111011111110111111111111111, sa_flags=SA_RESTART|SA_SIGINFO
SIGINT: [libjvm.dylib+0x485211], sa_mask[0]=11111111011111110111111111111111, sa_flags=SA_RESTART|SA_SIGINFO
SIGTERM: [libjvm.dylib+0x485211], sa_mask[0]=11111111011111110111111111111111, sa_flags=SA_RESTART|SA_SIGINFO
SIGQUIT: [libjvm.dylib+0x485211], sa_mask[0]=11111111011111110111111111111111, sa_flags=SA_RESTART|SA_SIGINFO


---------------  S Y S T E M  ---------------

OS:Bsduname:Darwin 16.0.0 Darwin Kernel Version 16.0.0: Mon Aug 29 17:56:20 PDT 2016; root:xnu-3789.1.32~3/RELEASE_X86_64 x86_64
rlimit: STACK 8192k, CORE 0k, NPROC 709, NOFILE 10240, AS infinity
load average:3.70 2.60 2.44

CPU:total 4 (2 cores per cpu, 2 threads per core) family 6 model 42 stepping 7, cmov, cx8, fxsr, mmx, sse, sse2, sse3, ssse3, sse4.1, sse4.2, popcnt, avx, aes, clmul, ht, tsc, tscinvbit

Memory: 4k page, physical 16777216k(4034568k free)

/proc/meminfo:


vm_info: Java HotSpot(TM) 64-Bit Server VM (25.111-b14) for bsd-amd64 JRE (1.8.0_111-b14), built on Sep 22 2016 15:31:41 by "java_re" with gcc 4.2.1 (Based on Apple Inc. build 5658) (LLVM build 2336.11.00)

time: Fri May  5 00:28:13 2017
elapsed time: 8 seconds (0d 0h 0m 8s)

